{"/home/travis/build/npmtest/node-npmtest-monitor-dashboard/test.js":{"path":"/home/travis/build/npmtest/node-npmtest-monitor-dashboard/test.js","s":{"1":2,"2":2,"3":2,"4":2,"5":2,"6":2,"7":2,"8":1,"9":2,"10":2,"11":1,"12":1,"13":1,"14":1,"15":2,"16":2,"17":2,"18":2,"19":1,"20":1,"21":2,"22":2,"23":2,"24":1,"25":1,"26":1,"27":1,"28":1,"29":1,"30":1,"31":1,"32":1,"33":1,"34":1,"35":1,"36":1,"37":1,"38":1,"39":2,"40":2,"41":1,"42":2,"43":2,"44":1,"45":2,"46":2,"47":1,"48":2,"49":2,"50":1,"51":1,"52":1,"53":1,"54":1},"b":{"1":[2,1,1,1],"2":[1,1,1,1],"3":[1,1],"4":[1,1],"5":[1,1],"6":[1,1],"7":[1,1],"8":[1,1],"9":[1,1],"10":[1,1,1],"11":[1,1],"12":[1,1],"13":[1,1],"14":[1,1],"15":[1,1],"16":[1,1],"17":[1,1]},"f":{"1":2,"2":2,"3":2,"4":2,"5":2,"6":1,"7":1,"8":1,"9":2,"10":2,"11":2,"12":2,"13":1},"fnMap":{"1":{"name":"(anonymous_1)","line":12,"loc":{"start":{"line":12,"column":1},"end":{"line":12,"column":13}}},"2":{"name":"(anonymous_2)","line":19,"loc":{"start":{"line":19,"column":5},"end":{"line":19,"column":17}}},"3":{"name":"(anonymous_3)","line":23,"loc":{"start":{"line":23,"column":24},"end":{"line":23,"column":36}}},"4":{"name":"(anonymous_4)","line":61,"loc":{"start":{"line":61,"column":5},"end":{"line":61,"column":17}}},"5":{"name":"(anonymous_5)","line":82,"loc":{"start":{"line":82,"column":5},"end":{"line":82,"column":17}}},"6":{"name":"(anonymous_6)","line":91,"loc":{"start":{"line":91,"column":77},"end":{"line":94,"column":10}}},"7":{"name":"(anonymous_7)","line":112,"loc":{"start":{"line":112,"column":83},"end":{"line":115,"column":10}},"skip":true},"8":{"name":"(anonymous_8)","line":123,"loc":{"start":{"line":123,"column":77},"end":{"line":126,"column":10}},"skip":true},"9":{"name":"(anonymous_9)","line":139,"loc":{"start":{"line":139,"column":12},"end":{"line":139,"column":40}},"skip":true},"10":{"name":"(anonymous_10)","line":147,"loc":{"start":{"line":147,"column":77},"end":{"line":150,"column":10}},"skip":true},"11":{"name":"(anonymous_11)","line":158,"loc":{"start":{"line":158,"column":83},"end":{"line":161,"column":10}},"skip":true},"12":{"name":"(anonymous_12)","line":169,"loc":{"start":{"line":169,"column":79},"end":{"line":172,"column":10}},"skip":true},"13":{"name":"(anonymous_13)","line":180,"loc":{"start":{"line":180,"column":75},"end":{"line":183,"column":10}},"skip":true}},"statementMap":{"1":{"start":{"line":12,"column":0},"end":{"line":195,"column":5}},"2":{"start":{"line":14,"column":4},"end":{"line":14,"column":14}},"3":{"start":{"line":19,"column":4},"end":{"line":56,"column":9}},"4":{"start":{"line":21,"column":8},"end":{"line":21,"column":19}},"5":{"start":{"line":23,"column":8},"end":{"line":35,"column":13}},"6":{"start":{"line":24,"column":12},"end":{"line":34,"column":13}},"7":{"start":{"line":25,"column":16},"end":{"line":28,"column":30}},"8":{"start":{"line":30,"column":16},"end":{"line":33,"column":27}},"9":{"start":{"line":37,"column":8},"end":{"line":39,"column":21}},"10":{"start":{"line":40,"column":8},"end":{"line":53,"column":9}},"11":{"start":{"line":43,"column":12},"end":{"line":46,"column":14}},"12":{"start":{"line":47,"column":12},"end":{"line":47,"column":18}},"13":{"start":{"line":50,"column":12},"end":{"line":51,"column":46}},"14":{"start":{"line":52,"column":12},"end":{"line":52,"column":18}},"15":{"start":{"line":55,"column":8},"end":{"line":55,"column":35}},"16":{"start":{"line":61,"column":4},"end":{"line":63,"column":9}},"17":{"start":{"line":62,"column":8},"end":{"line":62,"column":15}},"18":{"start":{"line":64,"column":4},"end":{"line":77,"column":5}},"19":{"start":{"line":70,"column":8},"end":{"line":70,"column":14}},"20":{"start":{"line":76,"column":8},"end":{"line":76,"column":14}},"21":{"start":{"line":82,"column":4},"end":{"line":84,"column":9}},"22":{"start":{"line":83,"column":8},"end":{"line":83,"column":15}},"23":{"start":{"line":85,"column":4},"end":{"line":194,"column":5}},"24":{"start":{"line":91,"column":8},"end":{"line":99,"column":10}},"25":{"start":{"line":98,"column":12},"end":{"line":98,"column":35}},"26":{"start":{"line":102,"column":8},"end":{"line":104,"column":63}},"27":{"start":{"line":105,"column":8},"end":{"line":105,"column":14}},"28":{"start":{"line":112,"column":8},"end":{"line":121,"column":10},"skip":true},"29":{"start":{"line":119,"column":12},"end":{"line":119,"column":55},"skip":true},"30":{"start":{"line":120,"column":12},"end":{"line":120,"column":48},"skip":true},"31":{"start":{"line":123,"column":8},"end":{"line":136,"column":10},"skip":true},"32":{"start":{"line":130,"column":12},"end":{"line":130,"column":76},"skip":true},"33":{"start":{"line":131,"column":12},"end":{"line":131,"column":73},"skip":true},"34":{"start":{"line":132,"column":12},"end":{"line":132,"column":74},"skip":true},"35":{"start":{"line":133,"column":12},"end":{"line":133,"column":79},"skip":true},"36":{"start":{"line":134,"column":12},"end":{"line":134,"column":25},"skip":true},"37":{"start":{"line":135,"column":12},"end":{"line":135,"column":45},"skip":true},"38":{"start":{"line":138,"column":8},"end":{"line":145,"column":14},"skip":true},"39":{"start":{"line":143,"column":16},"end":{"line":143,"column":29},"skip":true},"40":{"start":{"line":144,"column":16},"end":{"line":144,"column":55},"skip":true},"41":{"start":{"line":147,"column":8},"end":{"line":156,"column":10},"skip":true},"42":{"start":{"line":154,"column":12},"end":{"line":154,"column":25},"skip":true},"43":{"start":{"line":155,"column":12},"end":{"line":155,"column":45},"skip":true},"44":{"start":{"line":158,"column":8},"end":{"line":167,"column":10},"skip":true},"45":{"start":{"line":165,"column":12},"end":{"line":165,"column":25},"skip":true},"46":{"start":{"line":166,"column":12},"end":{"line":166,"column":48},"skip":true},"47":{"start":{"line":169,"column":8},"end":{"line":178,"column":10},"skip":true},"48":{"start":{"line":176,"column":12},"end":{"line":176,"column":25},"skip":true},"49":{"start":{"line":177,"column":12},"end":{"line":177,"column":46},"skip":true},"50":{"start":{"line":180,"column":8},"end":{"line":189,"column":10},"skip":true},"51":{"start":{"line":187,"column":12},"end":{"line":187,"column":94},"skip":true},"52":{"start":{"line":188,"column":12},"end":{"line":188,"column":48},"skip":true},"53":{"start":{"line":192,"column":8},"end":{"line":192,"column":35},"skip":true},"54":{"start":{"line":193,"column":8},"end":{"line":193,"column":14},"skip":true}},"branchMap":{"1":{"line":25,"type":"binary-expr","locations":[{"start":{"line":25,"column":23},"end":{"line":25,"column":62}},{"start":{"line":26,"column":20},"end":{"line":26,"column":70}},{"start":{"line":27,"column":20},"end":{"line":27,"column":71}},{"start":{"line":28,"column":20},"end":{"line":28,"column":29}}]},"2":{"line":30,"type":"binary-expr","locations":[{"start":{"line":30,"column":23},"end":{"line":30,"column":37}},{"start":{"line":31,"column":20},"end":{"line":31,"column":61}},{"start":{"line":32,"column":20},"end":{"line":32,"column":70}},{"start":{"line":33,"column":20},"end":{"line":33,"column":26}}]},"3":{"line":37,"type":"cond-expr","locations":[{"start":{"line":38,"column":14},"end":{"line":38,"column":20}},{"start":{"line":39,"column":14},"end":{"line":39,"column":20}}]},"4":{"line":40,"type":"switch","locations":[{"start":{"line":42,"column":8},"end":{"line":47,"column":18}},{"start":{"line":49,"column":8},"end":{"line":52,"column":18}}]},"5":{"line":44,"type":"binary-expr","locations":[{"start":{"line":44,"column":16},"end":{"line":44,"column":44}},{"start":{"line":44,"column":48},"end":{"line":44,"column":66}}]},"6":{"line":50,"type":"binary-expr","locations":[{"start":{"line":50,"column":21},"end":{"line":50,"column":49}},{"start":{"line":50,"column":53},"end":{"line":50,"column":72}}]},"7":{"line":64,"type":"switch","locations":[{"start":{"line":69,"column":4},"end":{"line":70,"column":14}},{"start":{"line":75,"column":4},"end":{"line":76,"column":14}}]},"8":{"line":85,"type":"switch","locations":[{"start":{"line":90,"column":4},"end":{"line":105,"column":14}},{"start":{"line":111,"column":4},"end":{"line":193,"column":14},"skip":true}]},"9":{"line":91,"type":"binary-expr","locations":[{"start":{"line":91,"column":42},"end":{"line":91,"column":73}},{"start":{"line":91,"column":77},"end":{"line":99,"column":9}}]},"10":{"line":102,"type":"binary-expr","locations":[{"start":{"line":102,"column":18},"end":{"line":102,"column":32}},{"start":{"line":103,"column":12},"end":{"line":103,"column":53}},{"start":{"line":104,"column":12},"end":{"line":104,"column":61}}]},"11":{"line":112,"type":"binary-expr","locations":[{"start":{"line":112,"column":45},"end":{"line":112,"column":79},"skip":true},{"start":{"line":112,"column":83},"end":{"line":121,"column":9},"skip":true}]},"12":{"line":123,"type":"binary-expr","locations":[{"start":{"line":123,"column":42},"end":{"line":123,"column":73},"skip":true},{"start":{"line":123,"column":77},"end":{"line":136,"column":9},"skip":true}]},"13":{"line":138,"type":"binary-expr","locations":[{"start":{"line":138,"column":48},"end":{"line":138,"column":85},"skip":true},{"start":{"line":139,"column":12},"end":{"line":145,"column":13},"skip":true}]},"14":{"line":147,"type":"binary-expr","locations":[{"start":{"line":147,"column":42},"end":{"line":147,"column":73},"skip":true},{"start":{"line":147,"column":77},"end":{"line":156,"column":9},"skip":true}]},"15":{"line":158,"type":"binary-expr","locations":[{"start":{"line":158,"column":45},"end":{"line":158,"column":79},"skip":true},{"start":{"line":158,"column":83},"end":{"line":167,"column":9},"skip":true}]},"16":{"line":169,"type":"binary-expr","locations":[{"start":{"line":169,"column":43},"end":{"line":169,"column":75},"skip":true},{"start":{"line":169,"column":79},"end":{"line":178,"column":9},"skip":true}]},"17":{"line":180,"type":"binary-expr","locations":[{"start":{"line":180,"column":41},"end":{"line":180,"column":71},"skip":true},{"start":{"line":180,"column":75},"end":{"line":189,"column":9},"skip":true}]}},"code":["/* istanbul instrument in package npmtest_monitor_dashboard */","/*jslint","    bitwise: true,","    browser: true,","    maxerr: 8,","    maxlen: 96,","    node: true,","    nomen: true,","    regexp: true,","    stupid: true","*/","(function () {","    'use strict';","    var local;","","","","    // run shared js-env code - pre-init","    (function () {","        // init local","        local = {};","        // init modeJs","        local.modeJs = (function () {","            try {","                return typeof navigator.userAgent === 'string' &&","                    typeof document.querySelector('body') === 'object' &&","                    typeof XMLHttpRequest.prototype.open === 'function' &&","                    'browser';","            } catch (errorCaughtBrowser) {","                return module.exports &&","                    typeof process.versions.node === 'string' &&","                    typeof require('http').createServer === 'function' &&","                    'node';","            }","        }());","        // init global","        local.global = local.modeJs === 'browser'","            ? window","            : global;","        switch (local.modeJs) {","        // re-init local from window.local","        case 'browser':","            local = local.global.utility2.objectSetDefault(","                local.global.utility2_rollup || local.global.local,","                local.global.utility2","            );","            break;","        // re-init local from example.js","        case 'node':","            local = (local.global.utility2_rollup || require('utility2'))","                .requireExampleJsFromReadme();","            break;","        }","        // export local","        local.global.local = local;","    }());","","","","    // run shared js-env code - function","    (function () {","        return;","    }());","    switch (local.modeJs) {","","","","    // run browser js-env code - function","    case 'browser':","        break;","","","","    // run node js-env code - function","    case 'node':","        break;","    }","","","","    // run shared js-env code - post-init","    (function () {","        return;","    }());","    switch (local.modeJs) {","","","","    // run browser js-env code - post-init","    case 'browser':","        local.testCase_browser_nullCase = local.testCase_browser_nullCase || function (","            options,","            onError","        ) {","        /*","         * this function will test browsers's null-case handling-behavior-behavior","         */","            onError(null, options);","        };","","        // run tests","        local.nop(local.modeTest &&","            document.querySelector('#testRunButton1') &&","            document.querySelector('#testRunButton1').click());","        break;","","","","    // run node js-env code - post-init","    /* istanbul ignore next */","    case 'node':","        local.testCase_buildApidoc_default = local.testCase_buildApidoc_default || function (","            options,","            onError","        ) {","        /*","         * this function will test buildApidoc's default handling-behavior-behavior","         */","            options = { modulePathList: module.paths };","            local.buildApidoc(options, onError);","        };","","        local.testCase_buildApp_default = local.testCase_buildApp_default || function (","            options,","            onError","        ) {","        /*","         * this function will test buildApp's default handling-behavior-behavior","         */","            local.testCase_buildReadme_default(options, local.onErrorThrow);","            local.testCase_buildLib_default(options, local.onErrorThrow);","            local.testCase_buildTest_default(options, local.onErrorThrow);","            local.testCase_buildCustomOrg_default(options, local.onErrorThrow);","            options = [];","            local.buildApp(options, onError);","        };","","        local.testCase_buildCustomOrg_default = local.testCase_buildCustomOrg_default ||","            function (options, onError) {","            /*","             * this function will test buildCustomOrg's default handling-behavior","             */","                options = {};","                local.buildCustomOrg(options, onError);","            };","","        local.testCase_buildLib_default = local.testCase_buildLib_default || function (","            options,","            onError","        ) {","        /*","         * this function will test buildLib's default handling-behavior","         */","            options = {};","            local.buildLib(options, onError);","        };","","        local.testCase_buildReadme_default = local.testCase_buildReadme_default || function (","            options,","            onError","        ) {","        /*","         * this function will test buildReadme's default handling-behavior-behavior","         */","            options = {};","            local.buildReadme(options, onError);","        };","","        local.testCase_buildTest_default = local.testCase_buildTest_default || function (","            options,","            onError","        ) {","        /*","         * this function will test buildTest's default handling-behavior","         */","            options = {};","            local.buildTest(options, onError);","        };","","        local.testCase_webpage_default = local.testCase_webpage_default || function (","            options,","            onError","        ) {","        /*","         * this function will test webpage's default handling-behavior","         */","            options = { modeCoverageMerge: true, url: local.serverLocalHost + '?modeTest=1' };","            local.browserTest(options, onError);","        };","","        // run test-server","        local.testRunServer(local);","        break;","    }","}());",""],"l":{"12":2,"14":2,"19":2,"21":2,"23":2,"24":2,"25":2,"30":1,"37":2,"40":2,"43":1,"47":1,"50":1,"52":1,"55":2,"61":2,"62":2,"64":2,"70":1,"76":1,"82":2,"83":2,"85":2,"91":1,"98":1,"102":1,"105":1,"112":1,"119":1,"120":1,"123":1,"130":1,"131":1,"132":1,"133":1,"134":1,"135":1,"138":1,"143":2,"144":2,"147":1,"154":2,"155":2,"158":1,"165":2,"166":2,"169":1,"176":2,"177":2,"180":1,"187":1,"188":1,"192":1,"193":1}},"/home/travis/build/npmtest/node-npmtest-monitor-dashboard/lib.npmtest_monitor_dashboard.js":{"path":"/home/travis/build/npmtest/node-npmtest-monitor-dashboard/lib.npmtest_monitor_dashboard.js","s":{"1":2,"2":2,"3":2,"4":2,"5":2,"6":2,"7":2,"8":1,"9":2,"10":2,"11":2,"12":2,"13":1,"14":1,"15":1,"16":1},"b":{"1":[2,1,1,1],"2":[1,1,1,1],"3":[1,1],"4":[2,2],"5":[1,1]},"f":{"1":2,"2":2,"3":2},"fnMap":{"1":{"name":"(anonymous_1)","line":12,"loc":{"start":{"line":12,"column":1},"end":{"line":12,"column":13}}},"2":{"name":"(anonymous_2)","line":19,"loc":{"start":{"line":19,"column":5},"end":{"line":19,"column":17}}},"3":{"name":"(anonymous_3)","line":23,"loc":{"start":{"line":23,"column":24},"end":{"line":23,"column":36}}}},"statementMap":{"1":{"start":{"line":12,"column":0},"end":{"line":53,"column":5}},"2":{"start":{"line":14,"column":4},"end":{"line":14,"column":14}},"3":{"start":{"line":19,"column":4},"end":{"line":52,"column":9}},"4":{"start":{"line":21,"column":8},"end":{"line":21,"column":19}},"5":{"start":{"line":23,"column":8},"end":{"line":35,"column":13}},"6":{"start":{"line":24,"column":12},"end":{"line":34,"column":13}},"7":{"start":{"line":25,"column":16},"end":{"line":28,"column":30}},"8":{"start":{"line":30,"column":16},"end":{"line":33,"column":27}},"9":{"start":{"line":37,"column":8},"end":{"line":39,"column":21}},"10":{"start":{"line":41,"column":8},"end":{"line":41,"column":54}},"11":{"start":{"line":43,"column":8},"end":{"line":43,"column":62}},"12":{"start":{"line":45,"column":8},"end":{"line":51,"column":9}},"13":{"start":{"line":46,"column":12},"end":{"line":46,"column":68}},"14":{"start":{"line":48,"column":12},"end":{"line":48,"column":35}},"15":{"start":{"line":49,"column":12},"end":{"line":49,"column":49}},"16":{"start":{"line":50,"column":12},"end":{"line":50,"column":43}}},"branchMap":{"1":{"line":25,"type":"binary-expr","locations":[{"start":{"line":25,"column":23},"end":{"line":25,"column":62}},{"start":{"line":26,"column":20},"end":{"line":26,"column":70}},{"start":{"line":27,"column":20},"end":{"line":27,"column":71}},{"start":{"line":28,"column":20},"end":{"line":28,"column":29}}]},"2":{"line":30,"type":"binary-expr","locations":[{"start":{"line":30,"column":23},"end":{"line":30,"column":37}},{"start":{"line":31,"column":20},"end":{"line":31,"column":61}},{"start":{"line":32,"column":20},"end":{"line":32,"column":70}},{"start":{"line":33,"column":20},"end":{"line":33,"column":26}}]},"3":{"line":37,"type":"cond-expr","locations":[{"start":{"line":38,"column":14},"end":{"line":38,"column":20}},{"start":{"line":39,"column":14},"end":{"line":39,"column":20}}]},"4":{"line":41,"type":"binary-expr","locations":[{"start":{"line":41,"column":16},"end":{"line":41,"column":44}},{"start":{"line":41,"column":48},"end":{"line":41,"column":53}}]},"5":{"line":45,"type":"if","locations":[{"start":{"line":45,"column":8},"end":{"line":45,"column":8}},{"start":{"line":45,"column":8},"end":{"line":45,"column":8}}]}},"code":["/* istanbul instrument in package npmtest_monitor_dashboard */","/*jslint","    bitwise: true,","    browser: true,","    maxerr: 8,","    maxlen: 96,","    node: true,","    nomen: true,","    regexp: true,","    stupid: true","*/","(function () {","    'use strict';","    var local;","","","","    // run shared js-env code - pre-init","    (function () {","        // init local","        local = {};","        // init modeJs","        local.modeJs = (function () {","            try {","                return typeof navigator.userAgent === 'string' &&","                    typeof document.querySelector('body') === 'object' &&","                    typeof XMLHttpRequest.prototype.open === 'function' &&","                    'browser';","            } catch (errorCaughtBrowser) {","                return module.exports &&","                    typeof process.versions.node === 'string' &&","                    typeof require('http').createServer === 'function' &&","                    'node';","            }","        }());","        // init global","        local.global = local.modeJs === 'browser'","            ? window","            : global;","        // init utility2_rollup","        local = local.global.utility2_rollup || local;","        // init lib","        local.local = local.npmtest_monitor_dashboard = local;","        // init exports","        if (local.modeJs === 'browser') {","            local.global.utility2_npmtest_monitor_dashboard = local;","        } else {","            module.exports = local;","            module.exports.__dirname = __dirname;","            module.exports.module = module;","        }","    }());","}());",""],"l":{"12":2,"14":2,"19":2,"21":2,"23":2,"24":2,"25":2,"30":1,"37":2,"41":2,"43":2,"45":2,"46":1,"48":1,"49":1,"50":1}},"/home/travis/build/npmtest/node-npmtest-monitor-dashboard/example.js":{"path":"/home/travis/build/npmtest/node-npmtest-monitor-dashboard/example.js","s":{"1":2,"2":2,"3":2,"4":2,"5":2,"6":2,"7":2,"8":1,"9":2,"10":2,"11":2,"12":2,"13":1,"14":2,"15":2,"16":2,"17":2,"18":2,"19":0,"20":2,"21":1,"22":1,"23":1,"24":1,"25":1,"26":0,"27":0,"28":1,"29":1,"30":2,"31":0,"32":0,"33":0,"34":1,"35":2,"36":2,"37":3,"38":3,"39":3,"40":3,"41":0,"42":3,"43":3,"44":3,"45":1,"46":3,"47":1,"48":1,"49":1,"50":1,"51":1,"52":1,"53":1,"54":1,"55":1,"56":1,"57":0,"58":1,"59":6,"60":6,"61":1,"62":2,"63":0,"64":2,"65":1,"66":1,"67":0,"68":0,"69":0,"70":0,"71":0,"72":0,"73":0,"74":0,"75":0,"76":0,"77":0,"78":0,"79":0,"80":0,"81":0,"82":0,"83":0},"b":{"1":[2,1,1,1],"2":[1,1,1,1],"3":[1,1],"4":[2,2],"5":[1,1],"6":[1,1],"7":[2,0],"8":[2,1,1,1,1,1],"9":[0,2,0],"10":[1,1],"11":[2,1,1],"12":[1,0],"13":[0,2],"14":[2,0,0,0,0,0,0],"15":[0,3],"16":[3,0],"17":[1,1],"18":[0,1],"19":[1,2,0,2],"20":[1,0],"21":[1,1],"22":[0,0],"23":[0,0],"24":[0,0],"25":[0,0],"26":[0,0],"27":[0,0],"28":[0,0]},"f":{"1":2,"2":2,"3":2,"4":2,"5":2,"6":2,"7":3,"8":3,"9":3,"10":1,"11":6,"12":0},"fnMap":{"1":{"name":"(anonymous_1)","line":26,"loc":{"start":{"line":26,"column":1},"end":{"line":26,"column":13}}},"2":{"name":"(anonymous_2)","line":33,"loc":{"start":{"line":33,"column":5},"end":{"line":33,"column":17}}},"3":{"name":"(anonymous_3)","line":37,"loc":{"start":{"line":37,"column":24},"end":{"line":37,"column":36}}},"4":{"name":"(anonymous_4)","line":69,"loc":{"start":{"line":69,"column":31},"end":{"line":69,"column":48}},"skip":true},"5":{"name":"(anonymous_5)","line":78,"loc":{"start":{"line":78,"column":26},"end":{"line":78,"column":45}},"skip":true},"6":{"name":"(anonymous_6)","line":123,"loc":{"start":{"line":123,"column":33},"end":{"line":123,"column":48}},"skip":true},"7":{"name":"(anonymous_7)","line":125,"loc":{"start":{"line":125,"column":27},"end":{"line":125,"column":39}},"skip":true},"8":{"name":"(anonymous_8)","line":133,"loc":{"start":{"line":133,"column":59},"end":{"line":133,"column":74}},"skip":true},"9":{"name":"(anonymous_9)","line":143,"loc":{"start":{"line":143,"column":45},"end":{"line":143,"column":62}},"skip":true},"10":{"name":"(anonymous_10)","line":144,"loc":{"start":{"line":144,"column":73},"end":{"line":144,"column":92}},"skip":true},"11":{"name":"(anonymous_11)","line":272,"loc":{"start":{"line":272,"column":51},"end":{"line":272,"column":77}},"skip":true},"12":{"name":"(anonymous_12)","line":315,"loc":{"start":{"line":315,"column":32},"end":{"line":315,"column":61}},"skip":true}},"statementMap":{"1":{"start":{"line":26,"column":0},"end":{"line":326,"column":5}},"2":{"start":{"line":28,"column":4},"end":{"line":28,"column":14}},"3":{"start":{"line":33,"column":4},"end":{"line":60,"column":9}},"4":{"start":{"line":35,"column":8},"end":{"line":35,"column":19}},"5":{"start":{"line":37,"column":8},"end":{"line":49,"column":13}},"6":{"start":{"line":38,"column":12},"end":{"line":48,"column":13}},"7":{"start":{"line":39,"column":16},"end":{"line":42,"column":30}},"8":{"start":{"line":44,"column":16},"end":{"line":47,"column":27}},"9":{"start":{"line":51,"column":8},"end":{"line":53,"column":21}},"10":{"start":{"line":55,"column":8},"end":{"line":57,"column":45}},"11":{"start":{"line":59,"column":8},"end":{"line":59,"column":35}},"12":{"start":{"line":61,"column":4},"end":{"line":325,"column":5}},"13":{"start":{"line":69,"column":8},"end":{"line":121,"column":10},"skip":true},"14":{"start":{"line":70,"column":12},"end":{"line":88,"column":13},"skip":true},"15":{"start":{"line":76,"column":16},"end":{"line":87,"column":19},"skip":true},"16":{"start":{"line":79,"column":20},"end":{"line":86,"column":21},"skip":true},"17":{"start":{"line":82,"column":24},"end":{"line":82,"column":43},"skip":true},"18":{"start":{"line":83,"column":24},"end":{"line":83,"column":30},"skip":true},"19":{"start":{"line":85,"column":24},"end":{"line":85,"column":49},"skip":true},"20":{"start":{"line":89,"column":12},"end":{"line":107,"column":13},"skip":true},"21":{"start":{"line":92,"column":16},"end":{"line":102,"column":17},"skip":true},"22":{"start":{"line":93,"column":20},"end":{"line":93,"column":86},"skip":true},"23":{"start":{"line":94,"column":20},"end":{"line":95,"column":45},"skip":true},"24":{"start":{"line":96,"column":20},"end":{"line":96,"column":42},"skip":true},"25":{"start":{"line":97,"column":20},"end":{"line":97,"column":48},"skip":true},"26":{"start":{"line":100,"column":20},"end":{"line":100,"column":85},"skip":true},"27":{"start":{"line":101,"column":20},"end":{"line":101,"column":96},"skip":true},"28":{"start":{"line":103,"column":16},"end":{"line":103,"column":22},"skip":true},"29":{"start":{"line":106,"column":16},"end":{"line":106,"column":22},"skip":true},"30":{"start":{"line":108,"column":12},"end":{"line":120,"column":13},"skip":true},"31":{"start":{"line":114,"column":16},"end":{"line":119,"column":17},"skip":true},"32":{"start":{"line":116,"column":20},"end":{"line":116,"column":78},"skip":true},"33":{"start":{"line":118,"column":20},"end":{"line":118,"column":47},"skip":true},"34":{"start":{"line":123,"column":8},"end":{"line":141,"column":11},"skip":true},"35":{"start":{"line":124,"column":12},"end":{"line":124,"column":54},"skip":true},"36":{"start":{"line":125,"column":12},"end":{"line":140,"column":14},"skip":true},"37":{"start":{"line":126,"column":16},"end":{"line":126,"column":28},"skip":true},"38":{"start":{"line":127,"column":16},"end":{"line":127,"column":69},"skip":true},"39":{"start":{"line":128,"column":16},"end":{"line":128,"column":75},"skip":true},"40":{"start":{"line":129,"column":16},"end":{"line":131,"column":17},"skip":true},"41":{"start":{"line":130,"column":20},"end":{"line":130,"column":27},"skip":true},"42":{"start":{"line":133,"column":16},"end":{"line":137,"column":36},"skip":true},"43":{"start":{"line":134,"column":20},"end":{"line":136,"column":55},"skip":true},"44":{"start":{"line":139,"column":16},"end":{"line":139,"column":57},"skip":true},"45":{"start":{"line":143,"column":8},"end":{"line":147,"column":11},"skip":true},"46":{"start":{"line":144,"column":12},"end":{"line":146,"column":15},"skip":true},"47":{"start":{"line":145,"column":16},"end":{"line":145,"column":70},"skip":true},"48":{"start":{"line":149,"column":8},"end":{"line":149,"column":31},"skip":true},"49":{"start":{"line":150,"column":8},"end":{"line":150,"column":14},"skip":true},"50":{"start":{"line":158,"column":8},"end":{"line":158,"column":31},"skip":true},"51":{"start":{"line":160,"column":8},"end":{"line":160,"column":33},"skip":true},"52":{"start":{"line":161,"column":8},"end":{"line":161,"column":37},"skip":true},"53":{"start":{"line":162,"column":8},"end":{"line":162,"column":35},"skip":true},"54":{"start":{"line":164,"column":8},"end":{"line":164,"column":50},"skip":true},"55":{"start":{"line":166,"column":8},"end":{"line":256,"column":2},"skip":true},"56":{"start":{"line":258,"column":8},"end":{"line":286,"column":9},"skip":true},"57":{"start":{"line":259,"column":12},"end":{"line":269,"column":14},"skip":true},"58":{"start":{"line":271,"column":12},"end":{"line":285,"column":19},"skip":true},"59":{"start":{"line":274,"column":20},"end":{"line":274,"column":35},"skip":true},"60":{"start":{"line":275,"column":20},"end":{"line":284,"column":21},"skip":true},"61":{"start":{"line":277,"column":24},"end":{"line":277,"column":64},"skip":true},"62":{"start":{"line":279,"column":24},"end":{"line":279,"column":40},"skip":true},"63":{"start":{"line":281,"column":24},"end":{"line":281,"column":40},"skip":true},"64":{"start":{"line":283,"column":24},"end":{"line":283,"column":39},"skip":true},"65":{"start":{"line":288,"column":8},"end":{"line":290,"column":9},"skip":true},"66":{"start":{"line":289,"column":12},"end":{"line":289,"column":18},"skip":true},"67":{"start":{"line":291,"column":8},"end":{"line":293,"column":54},"skip":true},"68":{"start":{"line":296,"column":8},"end":{"line":301,"column":37},"skip":true},"69":{"start":{"line":303,"column":8},"end":{"line":303,"column":82},"skip":true},"70":{"start":{"line":306,"column":8},"end":{"line":308,"column":9},"skip":true},"71":{"start":{"line":307,"column":12},"end":{"line":307,"column":82},"skip":true},"72":{"start":{"line":310,"column":8},"end":{"line":312,"column":9},"skip":true},"73":{"start":{"line":311,"column":12},"end":{"line":311,"column":18},"skip":true},"74":{"start":{"line":313,"column":8},"end":{"line":313,"column":54},"skip":true},"75":{"start":{"line":314,"column":8},"end":{"line":314,"column":69},"skip":true},"76":{"start":{"line":315,"column":8},"end":{"line":323,"column":36},"skip":true},"77":{"start":{"line":316,"column":12},"end":{"line":316,"column":61},"skip":true},"78":{"start":{"line":317,"column":12},"end":{"line":320,"column":13},"skip":true},"79":{"start":{"line":318,"column":16},"end":{"line":318,"column":75},"skip":true},"80":{"start":{"line":319,"column":16},"end":{"line":319,"column":23},"skip":true},"81":{"start":{"line":321,"column":12},"end":{"line":321,"column":38},"skip":true},"82":{"start":{"line":322,"column":12},"end":{"line":322,"column":27},"skip":true},"83":{"start":{"line":324,"column":8},"end":{"line":324,"column":14},"skip":true}},"branchMap":{"1":{"line":39,"type":"binary-expr","locations":[{"start":{"line":39,"column":23},"end":{"line":39,"column":62}},{"start":{"line":40,"column":20},"end":{"line":40,"column":70}},{"start":{"line":41,"column":20},"end":{"line":41,"column":71}},{"start":{"line":42,"column":20},"end":{"line":42,"column":29}}]},"2":{"line":44,"type":"binary-expr","locations":[{"start":{"line":44,"column":23},"end":{"line":44,"column":37}},{"start":{"line":45,"column":20},"end":{"line":45,"column":61}},{"start":{"line":46,"column":20},"end":{"line":46,"column":70}},{"start":{"line":47,"column":20},"end":{"line":47,"column":26}}]},"3":{"line":51,"type":"cond-expr","locations":[{"start":{"line":52,"column":14},"end":{"line":52,"column":20}},{"start":{"line":53,"column":14},"end":{"line":53,"column":20}}]},"4":{"line":55,"type":"binary-expr","locations":[{"start":{"line":55,"column":16},"end":{"line":55,"column":44}},{"start":{"line":55,"column":49},"end":{"line":57,"column":43}}]},"5":{"line":55,"type":"cond-expr","locations":[{"start":{"line":56,"column":14},"end":{"line":56,"column":61}},{"start":{"line":57,"column":14},"end":{"line":57,"column":43}}]},"6":{"line":61,"type":"switch","locations":[{"start":{"line":68,"column":4},"end":{"line":150,"column":14},"skip":true},{"start":{"line":156,"column":4},"end":{"line":324,"column":14},"skip":true}]},"7":{"line":70,"type":"if","locations":[{"start":{"line":70,"column":12},"end":{"line":70,"column":12},"skip":true},{"start":{"line":70,"column":12},"end":{"line":70,"column":12},"skip":true}]},"8":{"line":70,"type":"binary-expr","locations":[{"start":{"line":70,"column":16},"end":{"line":70,"column":22},"skip":true},{"start":{"line":70,"column":27},"end":{"line":70,"column":32},"skip":true},{"start":{"line":71,"column":20},"end":{"line":71,"column":39},"skip":true},{"start":{"line":72,"column":20},"end":{"line":72,"column":49},"skip":true},{"start":{"line":73,"column":20},"end":{"line":73,"column":58},"skip":true},{"start":{"line":74,"column":20},"end":{"line":74,"column":69},"skip":true}]},"9":{"line":79,"type":"switch","locations":[{"start":{"line":80,"column":20},"end":{"line":80,"column":33},"skip":true},{"start":{"line":81,"column":20},"end":{"line":83,"column":30},"skip":true},{"start":{"line":84,"column":20},"end":{"line":85,"column":49},"skip":true}]},"10":{"line":89,"type":"switch","locations":[{"start":{"line":90,"column":12},"end":{"line":103,"column":22},"skip":true},{"start":{"line":105,"column":12},"end":{"line":106,"column":22},"skip":true}]},"11":{"line":89,"type":"binary-expr","locations":[{"start":{"line":89,"column":20},"end":{"line":89,"column":25},"skip":true},{"start":{"line":89,"column":29},"end":{"line":89,"column":48},"skip":true},{"start":{"line":89,"column":52},"end":{"line":89,"column":74},"skip":true}]},"12":{"line":92,"type":"if","locations":[{"start":{"line":92,"column":16},"end":{"line":92,"column":16},"skip":true},{"start":{"line":92,"column":16},"end":{"line":92,"column":16},"skip":true}]},"13":{"line":108,"type":"if","locations":[{"start":{"line":108,"column":12},"end":{"line":108,"column":12},"skip":true},{"start":{"line":108,"column":12},"end":{"line":108,"column":12},"skip":true}]},"14":{"line":108,"type":"binary-expr","locations":[{"start":{"line":108,"column":16},"end":{"line":108,"column":61},"skip":true},{"start":{"line":108,"column":66},"end":{"line":108,"column":72},"skip":true},{"start":{"line":108,"column":77},"end":{"line":108,"column":82},"skip":true},{"start":{"line":109,"column":20},"end":{"line":109,"column":39},"skip":true},{"start":{"line":110,"column":20},"end":{"line":110,"column":49},"skip":true},{"start":{"line":111,"column":20},"end":{"line":111,"column":58},"skip":true},{"start":{"line":112,"column":20},"end":{"line":112,"column":68},"skip":true}]},"15":{"line":129,"type":"if","locations":[{"start":{"line":129,"column":16},"end":{"line":129,"column":16},"skip":true},{"start":{"line":129,"column":16},"end":{"line":129,"column":16},"skip":true}]},"16":{"line":134,"type":"cond-expr","locations":[{"start":{"line":135,"column":26},"end":{"line":135,"column":29},"skip":true},{"start":{"line":136,"column":26},"end":{"line":136,"column":54},"skip":true}]},"17":{"line":164,"type":"binary-expr","locations":[{"start":{"line":164,"column":27},"end":{"line":164,"column":43},"skip":true},{"start":{"line":164,"column":47},"end":{"line":164,"column":49},"skip":true}]},"18":{"line":258,"type":"if","locations":[{"start":{"line":258,"column":8},"end":{"line":258,"column":8},"skip":true},{"start":{"line":258,"column":8},"end":{"line":258,"column":8},"skip":true}]},"19":{"line":275,"type":"switch","locations":[{"start":{"line":276,"column":20},"end":{"line":277,"column":64},"skip":true},{"start":{"line":278,"column":20},"end":{"line":279,"column":40},"skip":true},{"start":{"line":280,"column":20},"end":{"line":281,"column":40},"skip":true},{"start":{"line":282,"column":20},"end":{"line":283,"column":39},"skip":true}]},"20":{"line":288,"type":"if","locations":[{"start":{"line":288,"column":8},"end":{"line":288,"column":8},"skip":true},{"start":{"line":288,"column":8},"end":{"line":288,"column":8},"skip":true}]},"21":{"line":288,"type":"binary-expr","locations":[{"start":{"line":288,"column":12},"end":{"line":288,"column":40},"skip":true},{"start":{"line":288,"column":44},"end":{"line":288,"column":67},"skip":true}]},"22":{"line":292,"type":"binary-expr","locations":[{"start":{"line":292,"column":12},"end":{"line":292,"column":50},"skip":true},{"start":{"line":293,"column":12},"end":{"line":293,"column":53},"skip":true}]},"23":{"line":297,"type":"binary-expr","locations":[{"start":{"line":297,"column":12},"end":{"line":297,"column":75},"skip":true},{"start":{"line":298,"column":12},"end":{"line":301,"column":36},"skip":true}]},"24":{"line":303,"type":"binary-expr","locations":[{"start":{"line":303,"column":43},"end":{"line":303,"column":75},"skip":true},{"start":{"line":303,"column":79},"end":{"line":303,"column":81},"skip":true}]},"25":{"line":306,"type":"if","locations":[{"start":{"line":306,"column":8},"end":{"line":306,"column":8},"skip":true},{"start":{"line":306,"column":8},"end":{"line":306,"column":8},"skip":true}]},"26":{"line":310,"type":"if","locations":[{"start":{"line":310,"column":8},"end":{"line":310,"column":8},"skip":true},{"start":{"line":310,"column":8},"end":{"line":310,"column":8},"skip":true}]},"27":{"line":313,"type":"binary-expr","locations":[{"start":{"line":313,"column":27},"end":{"line":313,"column":43},"skip":true},{"start":{"line":313,"column":47},"end":{"line":313,"column":53},"skip":true}]},"28":{"line":317,"type":"if","locations":[{"start":{"line":317,"column":12},"end":{"line":317,"column":12},"skip":true},{"start":{"line":317,"column":12},"end":{"line":317,"column":12},"skip":true}]}},"code":["/*","example.js","","quickstart example","","instruction","    1. save this script as example.js","    2. run the shell command:","        $ npm install npmtest-monitor-dashboard && PORT=8081 node example.js","    3. play with the browser-demo on http://127.0.0.1:8081","*/","","","","/* istanbul instrument in package npmtest_monitor_dashboard */","/*jslint","    bitwise: true,","    browser: true,","    maxerr: 8,","    maxlen: 96,","    node: true,","    nomen: true,","    regexp: true,","    stupid: true","*/","(function () {","    'use strict';","    var local;","","","","    // run shared js-env code - pre-init","    (function () {","        // init local","        local = {};","        // init modeJs","        local.modeJs = (function () {","            try {","                return typeof navigator.userAgent === 'string' &&","                    typeof document.querySelector('body') === 'object' &&","                    typeof XMLHttpRequest.prototype.open === 'function' &&","                    'browser';","            } catch (errorCaughtBrowser) {","                return module.exports &&","                    typeof process.versions.node === 'string' &&","                    typeof require('http').createServer === 'function' &&","                    'node';","            }","        }());","        // init global","        local.global = local.modeJs === 'browser'","            ? window","            : global;","        // init utility2_rollup","        local = local.global.utility2_rollup || (local.modeJs === 'browser'","            ? local.global.utility2_npmtest_monitor_dashboard","            : global.utility2_moduleExports);","        // export local","        local.global.local = local;","    }());","    switch (local.modeJs) {","","","","    // post-init","    // run browser js-env code - post-init","    /* istanbul ignore next */","    case 'browser':","        local.testRunBrowser = function (event) {","            if (!event || (event &&","                    event.currentTarget &&","                    event.currentTarget.className &&","                    event.currentTarget.className.includes &&","                    event.currentTarget.className.includes('onreset'))) {","                // reset output","                Array.from(","                    document.querySelectorAll('body > .resettable')","                ).forEach(function (element) {","                    switch (element.tagName) {","                    case 'INPUT':","                    case 'TEXTAREA':","                        element.value = '';","                        break;","                    default:","                        element.textContent = '';","                    }","                });","            }","            switch (event && event.currentTarget && event.currentTarget.id) {","            case 'testRunButton1':","                // show tests","                if (document.querySelector('#testReportDiv1').style.display === 'none') {","                    document.querySelector('#testReportDiv1').style.display = 'block';","                    document.querySelector('#testRunButton1').textContent =","                        'hide internal test';","                    local.modeTest = true;","                    local.testRunDefault(local);","                // hide tests","                } else {","                    document.querySelector('#testReportDiv1').style.display = 'none';","                    document.querySelector('#testRunButton1').textContent = 'run internal test';","                }","                break;","            // custom-case","            default:","                break;","            }","            if (document.querySelector('#inputTextareaEval1') && (!event || (event &&","                    event.currentTarget &&","                    event.currentTarget.className &&","                    event.currentTarget.className.includes &&","                    event.currentTarget.className.includes('oneval')))) {","                // try to eval input-code","                try {","                    /*jslint evil: true*/","                    eval(document.querySelector('#inputTextareaEval1').value);","                } catch (errorCaught) {","                    console.error(errorCaught);","                }","            }","        };","        // log stderr and stdout to #outputTextareaStdout1","        ['error', 'log'].forEach(function (key) {","            console[key + '_original'] = console[key];","            console[key] = function () {","                var element;","                console[key + '_original'].apply(console, arguments);","                element = document.querySelector('#outputTextareaStdout1');","                if (!element) {","                    return;","                }","                // append text to #outputTextareaStdout1","                element.value += Array.from(arguments).map(function (arg) {","                    return typeof arg === 'string'","                        ? arg","                        : JSON.stringify(arg, null, 4);","                }).join(' ') + '\\n';","                // scroll textarea to bottom","                element.scrollTop = element.scrollHeight;","            };","        });","        // init event-handling","        ['change', 'click', 'keyup'].forEach(function (event) {","            Array.from(document.querySelectorAll('.on' + event)).forEach(function (element) {","                element.addEventListener(event, local.testRunBrowser);","            });","        });","        // run tests","        local.testRunBrowser();","        break;","","","","    // run node js-env code - post-init","    /* istanbul ignore next */","    case 'node':","        // export local","        module.exports = local;","        // require modules","        local.fs = require('fs');","        local.http = require('http');","        local.url = require('url');","        // init assets","        local.assetsDict = local.assetsDict || {};","        /* jslint-ignore-begin */","        local.assetsDict['/assets.index.template.html'] = '\\","<!doctype html>\\n\\","<html lang=\"en\">\\n\\","<head>\\n\\","<meta charset=\"UTF-8\">\\n\\","<meta name=\"viewport\" content=\"width=device-width, initial-scale=1\">\\n\\","<title>{{env.npm_package_name}} (v{{env.npm_package_version}})</title>\\n\\","<style>\\n\\","/*csslint\\n\\","    box-sizing: false,\\n\\","    universal-selector: false\\n\\","*/\\n\\","* {\\n\\","    box-sizing: border-box;\\n\\","}\\n\\","body {\\n\\","    background: #dde;\\n\\","    font-family: Arial, Helvetica, sans-serif;\\n\\","    margin: 2rem;\\n\\","}\\n\\","body > * {\\n\\","    margin-bottom: 1rem;\\n\\","}\\n\\",".utility2FooterDiv {\\n\\","    margin-top: 20px;\\n\\","    text-align: center;\\n\\","}\\n\\","</style>\\n\\","<style>\\n\\","/*csslint\\n\\","*/\\n\\","textarea {\\n\\","    font-family: monospace;\\n\\","    height: 10rem;\\n\\","    width: 100%;\\n\\","}\\n\\","textarea[readonly] {\\n\\","    background: #ddd;\\n\\","}\\n\\","</style>\\n\\","</head>\\n\\","<body>\\n\\","<!-- utility2-comment\\n\\","<div id=\"ajaxProgressDiv1\" style=\"background: #d00; height: 2px; left: 0; margin: 0; padding: 0; position: fixed; top: 0; transition: background 0.5s, width 1.5s; width: 25%;\"></div>\\n\\","utility2-comment -->\\n\\","<h1>\\n\\","<!-- utility2-comment\\n\\","    <a\\n\\","        {{#if env.npm_package_homepage}}\\n\\","        href=\"{{env.npm_package_homepage}}\"\\n\\","        {{/if env.npm_package_homepage}}\\n\\","        target=\"_blank\"\\n\\","    >\\n\\","utility2-comment -->\\n\\","        {{env.npm_package_name}} (v{{env.npm_package_version}})\\n\\","<!-- utility2-comment\\n\\","    </a>\\n\\","utility2-comment -->\\n\\","</h1>\\n\\","<h3>{{env.npm_package_description}}</h3>\\n\\","<!-- utility2-comment\\n\\","<h4><a download href=\"assets.app.js\">download standalone app</a></h4>\\n\\","<button class=\"onclick onreset\" id=\"testRunButton1\">run internal test</button><br>\\n\\","<div id=\"testReportDiv1\" style=\"display: none;\"></div>\\n\\","utility2-comment -->\\n\\","\\n\\","\\n\\","\\n\\","<label>stderr and stdout</label>\\n\\","<textarea class=\"resettable\" id=\"outputTextareaStdout1\" readonly></textarea>\\n\\","<!-- utility2-comment\\n\\","{{#if isRollup}}\\n\\","<script src=\"assets.app.js\"></script>\\n\\","{{#unless isRollup}}\\n\\","utility2-comment -->\\n\\","<script src=\"assets.utility2.rollup.js\"></script>\\n\\","<script src=\"jsonp.utility2._stateInit?callback=window.utility2._stateInit\"></script>\\n\\","<script src=\"assets.npmtest_monitor_dashboard.rollup.js\"></script>\\n\\","<script src=\"assets.example.js\"></script>\\n\\","<script src=\"assets.test.js\"></script>\\n\\","<!-- utility2-comment\\n\\","{{/if isRollup}}\\n\\","utility2-comment -->\\n\\","<div class=\"utility2FooterDiv\">\\n\\","    [ this app was created with\\n\\","    <a href=\"https://github.com/kaizhu256/node-utility2\" target=\"_blank\">utility2</a>\\n\\","    ]\\n\\","</div>\\n\\","</body>\\n\\","</html>\\n\\","';","        /* jslint-ignore-end */","        if (local.templateRender) {","            local.assetsDict['/'] = local.templateRender(","                local.assetsDict['/assets.index.template.html'],","                {","                    env: local.objectSetDefault(local.env, {","                        npm_package_description: 'the greatest app in the world!',","                        npm_package_name: 'my-app',","                        npm_package_nameAlias: 'my_app',","                        npm_package_version: '0.0.1'","                    })","                }","            );","        } else {","            local.assetsDict['/'] = local.assetsDict['/assets.index.template.html']","                .replace((/\\{\\{env\\.(\\w+?)\\}\\}/g), function (match0, match1) {","                    // jslint-hack","                    String(match0);","                    switch (match1) {","                    case 'npm_package_description':","                        return 'the greatest app in the world!';","                    case 'npm_package_name':","                        return 'my-app';","                    case 'npm_package_nameAlias':","                        return 'my_app';","                    case 'npm_package_version':","                        return '0.0.1';","                    }","                });","        }","        // run the cli","        if (local.global.utility2_rollup || module !== require.main) {","            break;","        }","        local.assetsDict['/assets.example.js'] =","            local.assetsDict['/assets.example.js'] ||","            local.fs.readFileSync(__filename, 'utf8');","        // bug-workaround - long $npm_package_buildCustomOrg","        /* jslint-ignore-begin */","        local.assetsDict['/assets.npmtest_monitor_dashboard.rollup.js'] =","            local.assetsDict['/assets.npmtest_monitor_dashboard.rollup.js'] ||","            local.fs.readFileSync(","                local.npmtest_monitor_dashboard.__dirname + '/lib.npmtest_monitor_dashboard.js',","                'utf8'","            ).replace((/^#!/), '//');","        /* jslint-ignore-end */","        local.assetsDict['/favicon.ico'] = local.assetsDict['/favicon.ico'] || '';","        // if $npm_config_timeout_exit exists,","        // then exit this process after $npm_config_timeout_exit ms","        if (Number(process.env.npm_config_timeout_exit)) {","            setTimeout(process.exit, Number(process.env.npm_config_timeout_exit));","        }","        // start server","        if (local.global.utility2_serverHttp1) {","            break;","        }","        process.env.PORT = process.env.PORT || '8081';","        console.error('server starting on port ' + process.env.PORT);","        local.http.createServer(function (request, response) {","            request.urlParsed = local.url.parse(request.url);","            if (local.assetsDict[request.urlParsed.pathname] !== undefined) {","                response.end(local.assetsDict[request.urlParsed.pathname]);","                return;","            }","            response.statusCode = 404;","            response.end();","        }).listen(process.env.PORT);","        break;","    }","}());",""],"l":{"26":2,"28":2,"33":2,"35":2,"37":2,"38":2,"39":2,"44":1,"51":2,"55":2,"59":2,"61":2,"69":1,"70":2,"76":2,"79":2,"82":2,"83":2,"85":1,"89":2,"92":1,"93":1,"94":1,"96":1,"97":1,"100":1,"101":1,"103":1,"106":1,"108":2,"114":1,"116":1,"118":1,"123":1,"124":2,"125":2,"126":3,"127":3,"128":3,"129":3,"130":1,"133":3,"134":3,"139":3,"143":1,"144":3,"145":1,"149":1,"150":1,"158":1,"160":1,"161":1,"162":1,"164":1,"166":1,"258":1,"259":1,"271":1,"274":6,"275":6,"277":1,"279":2,"281":1,"283":2,"288":1,"289":1,"291":1,"296":1,"303":1,"306":1,"307":1,"310":1,"311":1,"313":1,"314":1,"315":1,"316":1,"317":1,"318":1,"319":1,"321":1,"322":1,"324":1}},"/home/travis/build/npmtest/node-npmtest-monitor-dashboard/node_modules/monitor-dashboard/monitor.js":{"path":"/home/travis/build/npmtest/node-npmtest-monitor-dashboard/node_modules/monitor-dashboard/monitor.js","s":{"1":2,"2":2,"3":2,"4":2,"5":2,"6":2,"7":2,"8":2,"9":2,"10":2,"11":0,"12":0,"13":2,"14":0,"15":0,"16":0,"17":0,"18":0,"19":0,"20":0,"21":0,"22":0,"23":0,"24":0,"25":0,"26":0,"27":0,"28":0,"29":0,"30":0,"31":0},"b":{"1":[0,2],"2":[2,0],"3":[0,0],"4":[0,0],"5":[0,0]},"f":{"1":2,"2":0,"3":0,"4":0,"5":0},"fnMap":{"1":{"name":"(anonymous_1)","line":5,"loc":{"start":{"line":5,"column":1},"end":{"line":5,"column":15}}},"2":{"name":"(anonymous_2)","line":39,"loc":{"start":{"line":39,"column":17},"end":{"line":39,"column":28}}},"3":{"name":"(anonymous_3)","line":58,"loc":{"start":{"line":58,"column":34},"end":{"line":58,"column":47}}},"4":{"name":"(anonymous_4)","line":69,"loc":{"start":{"line":69,"column":18},"end":{"line":69,"column":28}}},"5":{"name":"(anonymous_5)","line":74,"loc":{"start":{"line":74,"column":15},"end":{"line":74,"column":25}}}},"statementMap":{"1":{"start":{"line":5,"column":0},"end":{"line":77,"column":9}},"2":{"start":{"line":8,"column":2},"end":{"line":12,"column":25}},"3":{"start":{"line":22,"column":2},"end":{"line":22,"column":18}},"4":{"start":{"line":23,"column":2},"end":{"line":23,"column":84}},"5":{"start":{"line":24,"column":2},"end":{"line":24,"column":98}},"6":{"start":{"line":25,"column":2},"end":{"line":25,"column":105}},"7":{"start":{"line":26,"column":2},"end":{"line":26,"column":94}},"8":{"start":{"line":27,"column":2},"end":{"line":27,"column":99}},"9":{"start":{"line":28,"column":2},"end":{"line":28,"column":18}},"10":{"start":{"line":31,"column":2},"end":{"line":34,"column":3}},"11":{"start":{"line":32,"column":4},"end":{"line":32,"column":36}},"12":{"start":{"line":33,"column":4},"end":{"line":33,"column":20}},"13":{"start":{"line":38,"column":2},"end":{"line":38,"column":32}},"14":{"start":{"line":39,"column":2},"end":{"line":50,"column":5}},"15":{"start":{"line":41,"column":4},"end":{"line":41,"column":100}},"16":{"start":{"line":42,"column":4},"end":{"line":42,"column":89}},"17":{"start":{"line":45,"column":4},"end":{"line":49,"column":5}},"18":{"start":{"line":46,"column":6},"end":{"line":46,"column":22}},"19":{"start":{"line":47,"column":6},"end":{"line":47,"column":52}},"20":{"start":{"line":48,"column":6},"end":{"line":48,"column":88}},"21":{"start":{"line":54,"column":2},"end":{"line":54,"column":28}},"22":{"start":{"line":55,"column":2},"end":{"line":55,"column":17}},"23":{"start":{"line":58,"column":2},"end":{"line":75,"column":5}},"24":{"start":{"line":62,"column":4},"end":{"line":64,"column":5}},"25":{"start":{"line":63,"column":6},"end":{"line":63,"column":13}},"26":{"start":{"line":67,"column":4},"end":{"line":67,"column":56}},"27":{"start":{"line":68,"column":4},"end":{"line":68,"column":29}},"28":{"start":{"line":69,"column":4},"end":{"line":71,"column":7}},"29":{"start":{"line":70,"column":6},"end":{"line":70,"column":22}},"30":{"start":{"line":74,"column":4},"end":{"line":74,"column":51}},"31":{"start":{"line":74,"column":26},"end":{"line":74,"column":42}}},"branchMap":{"1":{"line":31,"type":"if","locations":[{"start":{"line":31,"column":2},"end":{"line":31,"column":2}},{"start":{"line":31,"column":2},"end":{"line":31,"column":2}}]},"2":{"line":31,"type":"binary-expr","locations":[{"start":{"line":31,"column":6},"end":{"line":31,"column":29}},{"start":{"line":31,"column":33},"end":{"line":31,"column":60}}]},"3":{"line":41,"type":"cond-expr","locations":[{"start":{"line":41,"column":72},"end":{"line":41,"column":85}},{"start":{"line":41,"column":88},"end":{"line":41,"column":99}}]},"4":{"line":45,"type":"if","locations":[{"start":{"line":45,"column":4},"end":{"line":45,"column":4}},{"start":{"line":45,"column":4},"end":{"line":45,"column":4}}]},"5":{"line":62,"type":"if","locations":[{"start":{"line":62,"column":4},"end":{"line":62,"column":4}},{"start":{"line":62,"column":4},"end":{"line":62,"column":4}}]}},"code":["// monitor.js (c) 2010-2014 Loren West and other contributors","// May be freely distributed under the MIT license.","// For further details and documentation:","// http://github.com/lorenwest/monitor-dashboard","(function(root){","","  // Load dependencies","  var Monitor = require('./lib/index'),","      Server = Monitor.Server,","      UI = Monitor.UI,","      UIServer = UI.Server,","      OS = require('os');","","  /**","  * Entry point into the monitor UI server application","  *","  * This is the module loaded and run by Node.js on program start.","  * It bootstraps the node.js dashboard server.","  */","","  // Display the logo","  console.log(\"\");","  console.log(\"             _________                                  __________\");","  console.log(\"___________________  /____      _______ ___________________(_)_  /______________\");","  console.log(\"__  __ \\\\  __ \\\\  __  /_  _ \\\\     __  __ `__ \\\\  __ \\\\_  __ \\\\_  /_  __/  __ \\\\_  ___/\");","  console.log(\"_  / / / /_/ / /_/ / /  __/     _  / / / / / /_/ /  / / /  / / /_ / /_/ /  /\");","  console.log(\"/_/ /_/\\\\____/\\\\__,_/  \\\\___/      /_/ /_/ /_/\\\\____//_/ /_//_/  \\\\__/ \\\\____//_/\");","  console.log(\"\");","","  // Output an application template","  if (process.argv.length > 3 && process.argv[2] === '--app') {","    require('./lib/js/AppTemplate');","    process.exit(0);","  }","","  // Boot the UI server.","  // This accepts http and websocket connections on the configured port.","  var uiServer = new UIServer();","  uiServer.start(function() {","    // If the host can connect from any IP address (INADDR_ANY), display the DNS hostname","    var connectTo = Monitor.Config.Dashboard.allowExternalConnections ? OS.hostname() : 'localhost';","    console.log(\"Now showing at http://\" + connectTo + \":\" + uiServer.get('port') + \"/\");","","    // Output security concerns","    if (!Monitor.Config.Dashboard.allowExternalConnections) {","      console.log(\"\");","      console.log(\"External connections disabled.\");","      console.log(\"See \" + process.cwd() + \"/config/external.js for more information.\");","    }","  });","","  // Boot another Monitor server for accepting websocket connections","  // on the standard Monitor port range.","  var server = new Server();","  server.start();","","  // Process uncaught exceptions.","  process.on('uncaughtException', function(err){","","    // On laptop sleep/startup the DNS servers aren't immediately available,","    // resulting in a flood of these for socket.io until DNS services are back up.","    if (err.message === 'ECONNREFUSED, Could not contact DNS servers') {","      return;","    }","","    // Don't allow the process to continue in an unknown state.","    console.error(\"Uncaught Exception: \" + err.message);","    console.error(err.stack);","    uiServer.stop(function(){","      process.exit(1);","    });","","    // Don't wait around if the server is hung.","    setTimeout(function(){process.exit(1);}, 2000);","  });","","}(this));",""],"l":{"5":2,"8":2,"22":2,"23":2,"24":2,"25":2,"26":2,"27":2,"28":2,"31":2,"32":0,"33":0,"38":2,"39":0,"41":0,"42":0,"45":0,"46":0,"47":0,"48":0,"54":0,"55":0,"58":0,"62":0,"63":0,"67":0,"68":0,"69":0,"70":0,"74":0}},"/home/travis/build/npmtest/node-npmtest-monitor-dashboard/node_modules/monitor-dashboard/lib/index.js":{"path":"/home/travis/build/npmtest/node-npmtest-monitor-dashboard/node_modules/monitor-dashboard/lib/index.js","s":{"1":1,"2":1,"3":1,"4":1,"5":1,"6":1,"7":1,"8":1,"9":12},"b":{"1":[1,0]},"f":{"1":1,"2":12},"fnMap":{"1":{"name":"(anonymous_1)","line":5,"loc":{"start":{"line":5,"column":1},"end":{"line":5,"column":15}}},"2":{"name":"(anonymous_2)","line":28,"loc":{"start":{"line":28,"column":21},"end":{"line":28,"column":36}}}},"statementMap":{"1":{"start":{"line":5,"column":0},"end":{"line":33,"column":9}},"2":{"start":{"line":14,"column":2},"end":{"line":14,"column":50}},"3":{"start":{"line":15,"column":2},"end":{"line":31,"column":3}},"4":{"start":{"line":18,"column":4},"end":{"line":18,"column":55}},"5":{"start":{"line":21,"column":4},"end":{"line":21,"column":54}},"6":{"start":{"line":24,"column":4},"end":{"line":24,"column":59}},"7":{"start":{"line":27,"column":4},"end":{"line":27,"column":69}},"8":{"start":{"line":28,"column":4},"end":{"line":30,"column":7}},"9":{"start":{"line":29,"column":6},"end":{"line":29,"column":28}}},"branchMap":{"1":{"line":15,"type":"if","locations":[{"start":{"line":15,"column":2},"end":{"line":15,"column":2}},{"start":{"line":15,"column":2},"end":{"line":15,"column":2}}]}},"code":["// index.js (c) 2010-2014 Loren West and other contributors","// May be freely distributed under the MIT license.","// For further details and documentation:","// http://github.com/lorenwest/monitor-dashboard","(function(root){","","  /*","  * Entry point for commonJS style loading","  *","  * This file coordinates the loading of modules in a consistent order","  * in a commonJS environment.","  */","","  var commonJS = (typeof exports !== 'undefined');","  if (commonJS) {","","    // Grunt.js contains the module definition files","    var MODULE_DEF = require('../grunt.js').MODULE_DEF;","","    // Load external commonJS modules","    var Monitor = module.exports = require('monitor');","","    // Attach backbone callbacks","    require('backbone-callbacks').attach(Monitor.Backbone);","","    // Load all files so they have a consistent loading order","    var allFiles = MODULE_DEF.shared_js.concat(MODULE_DEF.server_js);","    allFiles.forEach(function(file) {","      require('../' + file);","    });","  }","","}(this));",""],"l":{"5":1,"14":1,"15":1,"18":1,"21":1,"24":1,"27":1,"28":1,"29":12}},"/home/travis/build/npmtest/node-npmtest-monitor-dashboard/node_modules/monitor-dashboard/grunt.js":{"path":"/home/travis/build/npmtest/node-npmtest-monitor-dashboard/node_modules/monitor-dashboard/grunt.js","s":{"1":1,"2":1,"3":1,"4":0,"5":0,"6":0,"7":0,"8":0,"9":0,"10":0,"11":0,"12":0,"13":1},"b":{},"f":{"1":0,"2":0,"3":0},"fnMap":{"1":{"name":"(anonymous_1)","line":93,"loc":{"start":{"line":93,"column":17},"end":{"line":93,"column":33}}},"2":{"name":"(anonymous_2)","line":150,"loc":{"start":{"line":150,"column":60},"end":{"line":150,"column":71}}},"3":{"name":"(anonymous_3)","line":152,"loc":{"start":{"line":152,"column":44},"end":{"line":152,"column":77}}}},"statementMap":{"1":{"start":{"line":6,"column":0},"end":{"line":6,"column":41}},"2":{"start":{"line":10,"column":0},"end":{"line":90,"column":2}},"3":{"start":{"line":93,"column":0},"end":{"line":163,"column":2}},"4":{"start":{"line":96,"column":2},"end":{"line":148,"column":5}},"5":{"start":{"line":150,"column":2},"end":{"line":157,"column":5}},"6":{"start":{"line":151,"column":4},"end":{"line":151,"column":42}},"7":{"start":{"line":152,"column":4},"end":{"line":156,"column":7}},"8":{"start":{"line":153,"column":6},"end":{"line":153,"column":26}},"9":{"start":{"line":154,"column":6},"end":{"line":154,"column":26}},"10":{"start":{"line":155,"column":6},"end":{"line":155,"column":13}},"11":{"start":{"line":160,"column":2},"end":{"line":160,"column":49}},"12":{"start":{"line":161,"column":2},"end":{"line":161,"column":60}},"13":{"start":{"line":166,"column":0},"end":{"line":166,"column":39}}},"branchMap":{},"code":["// grunt.js (c) 2010-2014 Loren West and other contributors","// May be freely distributed under the MIT license.","// For all details and documentation:","// http://github.com/lorenwest/monitor-dashboard","","var exec = require('child_process').exec;","","// This is used in the build automation tasks, and on the server","// when running in dev mode to serve individual files for debugging.","var MODULE_DEF = {","  shared_js: [","    \"lib/js/UI.js\",","    \"lib/js/Template.js\",","    \"lib/js/Site.js\",","    \"lib/js/Component.js\",","    \"lib/js/Page.js\",","    \"lib/js/Tree.js\",","    \"lib/js/Tour.js\"","  ],","  server_js: [","    \"lib/js/NetworkMap.js\",","    \"lib/js/Server.js\",","    \"lib/js/TreeProbe.js\",","    \"lib/js/PagesProbe.js\",","    \"lib/js/ToursProbe.js\"","  ],","  client_js: [","    \"lib/js/IconChooser.js\",","    \"lib/js/DropDownMenu.js\",","    \"lib/js/JsonView.js\",","    \"lib/js/TreeView.js\",","    \"lib/js/MonitorPicker.js\",","    \"lib/js/SettingsView.js\",","    \"lib/js/NewComponentView.js\",","    \"lib/js/ComponentSettingsView.js\",","    \"lib/js/ComponentView.js\",","    \"lib/js/PageSettingsView.js\",","    \"lib/js/PageView.js\",","    \"lib/js/Sidebar.js\",","    \"lib/js/SidebarView.js\",","    \"lib/js/TourView.js\",","    \"lib/js/TourSettingsView.js\"","  ],","  templates: [","    \"lib/template/UI.html\",","    \"lib/template/PageView.html\",","    \"lib/template/PageSettings.html\",","    \"lib/template/PageCopy.html\",","    \"lib/template/SidebarView.html\",","    \"lib/template/TourView.html\",","    \"lib/template/TourSettings.html\",","    \"lib/template/ComponentView.html\",","    \"lib/template/ComponentSettings.html\",","    \"lib/template/NewComponentView.html\",","    \"lib/template/NewPage.html\",","    \"lib/template/NewTourPage.html\",","    \"lib/template/ComponentIcon.html\"","  ],","  client_css: [","    \"lib/css/default/bootstrap.min.css\",","    \"lib/css/default/font-awesome.css\",","    \"lib/css/default/UI.css\",","    \"lib/css/default/MonitorPicker.css\",","    \"lib/css/default/ComponentView.css\",","    \"lib/css/default/ComponentSettings.css\",","    \"lib/css/default/NewComponentView.css\",","    \"lib/css/default/DropDownMenu.css\",","    \"lib/css/default/PageView.css\",","    \"lib/css/default/PageSettings.css\",","    \"lib/css/default/SidebarView.css\",","    \"lib/css/default/TourView.css\",","    \"lib/css/default/TourSettings.css\",","    \"lib/css/default/JsonView.css\",","    \"lib/css/default/TreeView.css\",","    \"lib/ext/jquery.miniColors.css\"","  ],","  client_ext: [","    \"lib/ext/jquery-1.8.2.min.js\",","    \"lib/ext/monitor-all.js\",","    \"lib/ext/Backbone.ModelBinder.min.js\",","    \"lib/ext/bootstrap.min.js\",","    \"lib/ext/bootstrap-tooltip.js\",","    \"lib/ext/bootstrap-dropdown.js\",","    \"lib/ext/bootstrap-modal.js\",","    \"lib/ext/bootstrap-alert.js\",","    \"lib/ext/mustache-0.7.0-dev.js\",","    \"lib/ext/numeral.min.js\",","    \"lib/ext/jquery.miniColors.min.js\"","  ]","};","","// Build automation tasks","module.exports = function(grunt) {","","  // Project configuration.","  grunt.initConfig({","    pkg: '<json:package.json>',","    module: MODULE_DEF,","    lint: {","      files: ['grunt.js', '<config:module.server_js>', '<config:module.client_js>', 'test/**/*.js']","    },","    test: {","      files: ['test/**/*.js']","    },","    watch: {","      files: ['grunt.js', '<config:module.server_js>', '<config:module.client_js>', 'test/**/*.js'],","      tasks: 'default'","    },","    min: {","      ui: {","        src: ['<config:monitor.lib>', '<config.monitor.ui>'],","        dest: '/tmp/monitor-base-min.js'","      },","      css: {","        src: ['ui/client/css/all.css'],","        dest: 'ui/client/css/all.min.css'","      }","    },","    concat: {","      ui: {","        src: ['<config:monitor.ext>', '/tmp/monitor-base-min.js'],","        dest: 'ui/client/src/monitor-min.js'","      },","      css: {","        src: ['<config:monitor.css>'],","        dest: 'ui/client/css/all.css'","      }","    },","    jshint: {","      options: {","        strict: false,","        curly: true,","        eqeqeq: true,","        immed: true,","        latedef: true,","        newcap: true,","        noarg: true,","        sub: true,","        undef: true,","        boss: true,","        eqnull: true,","        node: true","      },","      globals: {","        exports: true","      }","    }","  });","","  grunt.registerTask('doc', 'Generate documentation files', function() {","    var t = this, done = t.async(), child;","    child = exec('yuidoc -c ./yuidoc.json', function (error, stdout, stderr) {","      console.log(stderr);","      console.log(stdout);","      done();","    });","  });","","  // Default task.","  grunt.registerTask('default', 'doc lint test');","  grunt.registerTask('dist', 'min:ui concat:ui concat:css');","","};","","// Expose externally","module.exports.MODULE_DEF = MODULE_DEF;",""],"l":{"6":1,"10":1,"93":1,"96":0,"150":0,"151":0,"152":0,"153":0,"154":0,"155":0,"160":0,"161":0,"166":1}},"/home/travis/build/npmtest/node-npmtest-monitor-dashboard/node_modules/monitor-dashboard/lib/js/UI.js":{"path":"/home/travis/build/npmtest/node-npmtest-monitor-dashboard/node_modules/monitor-dashboard/lib/js/UI.js","s":{"1":1,"2":1,"3":1,"4":1,"5":1,"6":1,"7":0,"8":0,"9":0,"10":0,"11":0,"12":0,"13":0,"14":0,"15":0,"16":0,"17":0,"18":0,"19":1,"20":1,"21":1,"22":0,"23":1,"24":1,"25":1,"26":1,"27":0,"28":0,"29":0,"30":0,"31":0,"32":0,"33":0,"34":0,"35":0,"36":0,"37":0,"38":0,"39":0,"40":0,"41":1,"42":0,"43":1,"44":0,"45":0,"46":0,"47":1,"48":0,"49":0,"50":0,"51":0,"52":0,"53":0,"54":1,"55":0,"56":0,"57":0,"58":0,"59":0,"60":0,"61":0,"62":0,"63":0,"64":0,"65":0,"66":0,"67":0,"68":0,"69":1,"70":1,"71":0,"72":0,"73":0,"74":0,"75":0,"76":0,"77":0,"78":0,"79":0,"80":0,"81":0,"82":0,"83":0,"84":0,"85":0,"86":0,"87":0,"88":0,"89":0,"90":0,"91":0,"92":0,"93":0,"94":0,"95":0,"96":0,"97":0,"98":0,"99":1,"100":0,"101":0,"102":0,"103":0,"104":0,"105":0,"106":0,"107":0,"108":0,"109":0,"110":0,"111":0,"112":0,"113":0,"114":0,"115":0,"116":1,"117":0,"118":0,"119":0,"120":0,"121":0,"122":0,"123":0,"124":0,"125":0,"126":0,"127":0,"128":1,"129":0,"130":1,"131":0,"132":0,"133":0,"134":0,"135":0,"136":1,"137":0,"138":0,"139":1,"140":0,"141":0,"142":0,"143":0,"144":0,"145":0,"146":0,"147":0,"148":0,"149":0,"150":0,"151":0,"152":0,"153":0,"154":0,"155":0,"156":0,"157":0,"158":0,"159":1,"160":0,"161":0,"162":0,"163":0,"164":1,"165":0,"166":0,"167":0,"168":0,"169":0,"170":0,"171":1,"172":0,"173":0,"174":0,"175":0,"176":0,"177":1,"178":0,"179":0,"180":0,"181":0,"182":0,"183":1,"184":0,"185":0,"186":0,"187":0,"188":0,"189":0,"190":0,"191":0},"b":{"1":[1,1],"2":[1,0],"3":[1,0],"4":[0,0],"5":[0,0],"6":[0,0],"7":[0,0],"8":[0,0],"9":[1,0],"10":[1,1],"11":[0,0],"12":[0,0],"13":[0,0],"14":[0,0],"15":[0,0],"16":[0,0],"17":[0,0],"18":[0,0],"19":[0,0],"20":[0,0],"21":[0,0],"22":[0,0],"23":[0,0],"24":[0,0],"25":[0,0,0],"26":[0,0],"27":[0,0],"28":[0,0],"29":[0,0],"30":[0,0],"31":[0,0],"32":[0,0],"33":[0,0,0],"34":[0,0],"35":[0,0],"36":[0,0],"37":[0,0],"38":[0,0],"39":[0,0],"40":[0,0],"41":[0,0],"42":[0,0],"43":[0,0],"44":[0,0],"45":[0,0],"46":[0,0],"47":[0,0],"48":[0,1],"49":[0,0],"50":[0,0]},"f":{"1":1,"2":0,"3":0,"4":0,"5":0,"6":0,"7":0,"8":0,"9":0,"10":0,"11":0,"12":0,"13":0,"14":0,"15":0,"16":0,"17":0,"18":0,"19":0,"20":0,"21":0,"22":0,"23":0,"24":0,"25":0,"26":0,"27":0,"28":0,"29":0},"fnMap":{"1":{"name":"(anonymous_1)","line":7,"loc":{"start":{"line":7,"column":1},"end":{"line":7,"column":15}}},"2":{"name":"(anonymous_2)","line":29,"loc":{"start":{"line":29,"column":24},"end":{"line":29,"column":34}}},"3":{"name":"(anonymous_3)","line":48,"loc":{"start":{"line":48,"column":20},"end":{"line":48,"column":50}}},"4":{"name":"(anonymous_4)","line":66,"loc":{"start":{"line":66,"column":15},"end":{"line":66,"column":29}}},"5":{"name":"(anonymous_5)","line":118,"loc":{"start":{"line":118,"column":16},"end":{"line":118,"column":33}}},"6":{"name":"(anonymous_6)","line":132,"loc":{"start":{"line":132,"column":15},"end":{"line":132,"column":27}}},"7":{"name":"(anonymous_7)","line":138,"loc":{"start":{"line":138,"column":11},"end":{"line":138,"column":23}}},"8":{"name":"(anonymous_8)","line":150,"loc":{"start":{"line":150,"column":22},"end":{"line":150,"column":34}}},"9":{"name":"drag","line":162,"loc":{"start":{"line":162,"column":4},"end":{"line":162,"column":21}}},"10":{"name":"drop","line":167,"loc":{"start":{"line":167,"column":4},"end":{"line":167,"column":21}}},"11":{"name":"(anonymous_11)","line":201,"loc":{"start":{"line":201,"column":38},"end":{"line":201,"column":63}}},"12":{"name":"(anonymous_12)","line":222,"loc":{"start":{"line":222,"column":11},"end":{"line":222,"column":27}}},"13":{"name":"(anonymous_13)","line":251,"loc":{"start":{"line":251,"column":22},"end":{"line":251,"column":54}}},"14":{"name":"setAttr","line":254,"loc":{"start":{"line":254,"column":4},"end":{"line":254,"column":53}}},"15":{"name":"(anonymous_15)","line":342,"loc":{"start":{"line":342,"column":24},"end":{"line":342,"column":40}}},"16":{"name":"(anonymous_16)","line":360,"loc":{"start":{"line":360,"column":43},"end":{"line":360,"column":53}}},"17":{"name":"(anonymous_17)","line":402,"loc":{"start":{"line":402,"column":36},"end":{"line":402,"column":54}}},"18":{"name":"(anonymous_18)","line":438,"loc":{"start":{"line":438,"column":15},"end":{"line":438,"column":43}}},"19":{"name":"(anonymous_19)","line":451,"loc":{"start":{"line":451,"column":20},"end":{"line":451,"column":31}}},"20":{"name":"(anonymous_20)","line":452,"loc":{"start":{"line":452,"column":24},"end":{"line":452,"column":35}}},"21":{"name":"(anonymous_21)","line":465,"loc":{"start":{"line":465,"column":17},"end":{"line":465,"column":28}}},"22":{"name":"(anonymous_22)","line":511,"loc":{"start":{"line":511,"column":17},"end":{"line":511,"column":38}}},"23":{"name":"(anonymous_23)","line":554,"loc":{"start":{"line":554,"column":19},"end":{"line":554,"column":31}}},"24":{"name":"(anonymous_24)","line":581,"loc":{"start":{"line":581,"column":23},"end":{"line":581,"column":45}}},"25":{"name":"(anonymous_25)","line":612,"loc":{"start":{"line":612,"column":22},"end":{"line":612,"column":36}}},"26":{"name":"(anonymous_26)","line":630,"loc":{"start":{"line":630,"column":16},"end":{"line":630,"column":52}}},"27":{"name":"(anonymous_27)","line":642,"loc":{"start":{"line":642,"column":30},"end":{"line":642,"column":47}}},"28":{"name":"(anonymous_28)","line":649,"loc":{"start":{"line":649,"column":15},"end":{"line":649,"column":27}}},"29":{"name":"(anonymous_29)","line":650,"loc":{"start":{"line":650,"column":17},"end":{"line":650,"column":29}}}},"statementMap":{"1":{"start":{"line":7,"column":0},"end":{"line":659,"column":9}},"2":{"start":{"line":10,"column":2},"end":{"line":14,"column":21}},"3":{"start":{"line":17,"column":2},"end":{"line":17,"column":19}},"4":{"start":{"line":29,"column":2},"end":{"line":29,"column":37}},"5":{"start":{"line":30,"column":2},"end":{"line":30,"column":106}},"6":{"start":{"line":48,"column":2},"end":{"line":74,"column":4}},"7":{"start":{"line":51,"column":4},"end":{"line":51,"column":49}},"8":{"start":{"line":52,"column":4},"end":{"line":54,"column":5}},"9":{"start":{"line":53,"column":6},"end":{"line":53,"column":49}},"10":{"start":{"line":57,"column":4},"end":{"line":57,"column":43}},"11":{"start":{"line":58,"column":4},"end":{"line":62,"column":5}},"12":{"start":{"line":59,"column":6},"end":{"line":61,"column":10}},"13":{"start":{"line":65,"column":4},"end":{"line":65,"column":80}},"14":{"start":{"line":66,"column":4},"end":{"line":73,"column":31}},"15":{"start":{"line":68,"column":6},"end":{"line":70,"column":7}},"16":{"start":{"line":69,"column":8},"end":{"line":69,"column":76}},"17":{"start":{"line":71,"column":6},"end":{"line":71,"column":57}},"18":{"start":{"line":72,"column":6},"end":{"line":72,"column":49}},"19":{"start":{"line":88,"column":2},"end":{"line":92,"column":4}},"20":{"start":{"line":93,"column":2},"end":{"line":97,"column":3}},"21":{"start":{"line":94,"column":4},"end":{"line":94,"column":65}},"22":{"start":{"line":96,"column":4},"end":{"line":96,"column":55}},"23":{"start":{"line":98,"column":2},"end":{"line":98,"column":37}},"24":{"start":{"line":101,"column":2},"end":{"line":101,"column":24}},"25":{"start":{"line":104,"column":2},"end":{"line":104,"column":35}},"26":{"start":{"line":117,"column":2},"end":{"line":147,"column":5}},"27":{"start":{"line":119,"column":6},"end":{"line":119,"column":19}},"28":{"start":{"line":122,"column":6},"end":{"line":122,"column":49}},"29":{"start":{"line":125,"column":6},"end":{"line":125,"column":38}},"30":{"start":{"line":126,"column":6},"end":{"line":126,"column":43}},"31":{"start":{"line":133,"column":6},"end":{"line":133,"column":19}},"32":{"start":{"line":134,"column":6},"end":{"line":136,"column":7}},"33":{"start":{"line":135,"column":8},"end":{"line":135,"column":26}},"34":{"start":{"line":139,"column":6},"end":{"line":139,"column":19}},"35":{"start":{"line":140,"column":6},"end":{"line":140,"column":25}},"36":{"start":{"line":141,"column":6},"end":{"line":141,"column":21}},"37":{"start":{"line":142,"column":6},"end":{"line":142,"column":44}},"38":{"start":{"line":143,"column":6},"end":{"line":143,"column":26}},"39":{"start":{"line":144,"column":6},"end":{"line":144,"column":25}},"40":{"start":{"line":145,"column":6},"end":{"line":145,"column":19}},"41":{"start":{"line":150,"column":2},"end":{"line":175,"column":4}},"42":{"start":{"line":151,"column":4},"end":{"line":160,"column":10}},"43":{"start":{"line":162,"column":4},"end":{"line":166,"column":5}},"44":{"start":{"line":163,"column":6},"end":{"line":163,"column":58}},"45":{"start":{"line":164,"column":6},"end":{"line":164,"column":60}},"46":{"start":{"line":165,"column":6},"end":{"line":165,"column":30}},"47":{"start":{"line":167,"column":4},"end":{"line":170,"column":5}},"48":{"start":{"line":168,"column":6},"end":{"line":168,"column":30}},"49":{"start":{"line":169,"column":6},"end":{"line":169,"column":68}},"50":{"start":{"line":171,"column":4},"end":{"line":171,"column":62}},"51":{"start":{"line":172,"column":4},"end":{"line":172,"column":31}},"52":{"start":{"line":173,"column":4},"end":{"line":173,"column":12}},"53":{"start":{"line":174,"column":4},"end":{"line":174,"column":23}},"54":{"start":{"line":201,"column":2},"end":{"line":229,"column":4}},"55":{"start":{"line":203,"column":4},"end":{"line":206,"column":76}},"56":{"start":{"line":209,"column":4},"end":{"line":219,"column":5}},"57":{"start":{"line":210,"column":6},"end":{"line":210,"column":21}},"58":{"start":{"line":211,"column":6},"end":{"line":211,"column":25}},"59":{"start":{"line":212,"column":6},"end":{"line":212,"column":27}},"60":{"start":{"line":213,"column":6},"end":{"line":213,"column":28}},"61":{"start":{"line":214,"column":6},"end":{"line":218,"column":7}},"62":{"start":{"line":215,"column":8},"end":{"line":215,"column":97}},"63":{"start":{"line":217,"column":8},"end":{"line":217,"column":32}},"64":{"start":{"line":222,"column":4},"end":{"line":227,"column":7}},"65":{"start":{"line":223,"column":6},"end":{"line":223,"column":27}},"66":{"start":{"line":224,"column":6},"end":{"line":226,"column":7}},"67":{"start":{"line":225,"column":8},"end":{"line":225,"column":27}},"68":{"start":{"line":228,"column":4},"end":{"line":228,"column":24}},"69":{"start":{"line":251,"column":2},"end":{"line":328,"column":4}},"70":{"start":{"line":254,"column":4},"end":{"line":306,"column":5}},"71":{"start":{"line":255,"column":6},"end":{"line":255,"column":54}},"72":{"start":{"line":258,"column":6},"end":{"line":261,"column":7}},"73":{"start":{"line":259,"column":8},"end":{"line":259,"column":52}},"74":{"start":{"line":260,"column":8},"end":{"line":260,"column":15}},"75":{"start":{"line":264,"column":6},"end":{"line":281,"column":7}},"76":{"start":{"line":267,"column":8},"end":{"line":270,"column":9}},"77":{"start":{"line":268,"column":10},"end":{"line":268,"column":54}},"78":{"start":{"line":269,"column":10},"end":{"line":269,"column":17}},"79":{"start":{"line":273,"column":8},"end":{"line":273,"column":51}},"80":{"start":{"line":274,"column":8},"end":{"line":274,"column":51}},"81":{"start":{"line":275,"column":8},"end":{"line":277,"column":9}},"82":{"start":{"line":276,"column":10},"end":{"line":276,"column":17}},"83":{"start":{"line":280,"column":8},"end":{"line":280,"column":27}},"84":{"start":{"line":285,"column":6},"end":{"line":291,"column":7}},"85":{"start":{"line":286,"column":8},"end":{"line":286,"column":46}},"86":{"start":{"line":287,"column":8},"end":{"line":287,"column":54}},"87":{"start":{"line":288,"column":8},"end":{"line":288,"column":43}},"88":{"start":{"line":289,"column":8},"end":{"line":289,"column":43}},"89":{"start":{"line":290,"column":8},"end":{"line":290,"column":15}},"90":{"start":{"line":294,"column":6},"end":{"line":298,"column":39}},"91":{"start":{"line":302,"column":6},"end":{"line":305,"column":9}},"92":{"start":{"line":309,"column":4},"end":{"line":311,"column":5}},"93":{"start":{"line":310,"column":6},"end":{"line":310,"column":34}},"94":{"start":{"line":315,"column":4},"end":{"line":315,"column":39}},"95":{"start":{"line":316,"column":4},"end":{"line":321,"column":5}},"96":{"start":{"line":317,"column":6},"end":{"line":320,"column":9}},"97":{"start":{"line":324,"column":4},"end":{"line":324,"column":40}},"98":{"start":{"line":327,"column":4},"end":{"line":327,"column":51}},"99":{"start":{"line":342,"column":2},"end":{"line":387,"column":4}},"100":{"start":{"line":343,"column":4},"end":{"line":347,"column":56}},"101":{"start":{"line":351,"column":4},"end":{"line":386,"column":5}},"102":{"start":{"line":355,"column":6},"end":{"line":355,"column":60}},"103":{"start":{"line":356,"column":6},"end":{"line":356,"column":46}},"104":{"start":{"line":357,"column":6},"end":{"line":380,"column":7}},"105":{"start":{"line":360,"column":8},"end":{"line":379,"column":13}},"106":{"start":{"line":361,"column":10},"end":{"line":361,"column":27}},"107":{"start":{"line":362,"column":10},"end":{"line":371,"column":11}},"108":{"start":{"line":365,"column":12},"end":{"line":365,"column":66}},"109":{"start":{"line":368,"column":12},"end":{"line":368,"column":48}},"110":{"start":{"line":369,"column":12},"end":{"line":369,"column":56}},"111":{
[...]
nitor'),","      _ = Monitor._,","      UI = Monitor.UI,","      Path = require('path'),","      FS = require('fs'),","      TreeProbe = Monitor.TreeProbe,","      FileProbe = Monitor.FileProbe;","","  // Define some constants","  var CONST = {","    objectClass: 'Page',","    appLabel: 'App Pages',","    appDescription: 'Application Pages'","  };","","  /**","  * This probe represents the pages and directories of a single","  * node of the site.","  *","  * @class PagesProbe","  * @extends TreeProbe","  * @constructor","  * @param [initParams] - Probe initialization parameters","  *     @param [initParams.path=''] {String} Path to this node","  */","  var PagesProbe = Monitor.PagesProbe = TreeProbe.extend({","","    probeClass: 'PagesProbe',","","    /**","    * Constructor initialization.","    *","    * @method initialize","    */","    initialize: function(attributes, options){","      var t = this;","      t.fileWatchers = {};","","      // Instance level constants (can be overridden in sub-classes)","      t.CONST = t.CONST || CONST;","","      // Call parent constructor","      TreeProbe.prototype.initialize.apply(t, arguments);","","      // Assume callback responsibility.","      options.asyncInit = true;","      var callback = options.callback;","","      // Set the root path from the Server's DB","      t.rootPath = Path.join(UI.Server.currentServer.get('siteDbPath'), t.CONST.objectClass);","","      // Build the full path to the directory, possibly routed to an app DB","      var path = t.get('path'),","          parts = path.replace(/^[\\\\\\/]/,'').split('/'),","          appName = parts[0] === 'app' ? parts[1] : null;","      if (appName && UI.Server.currentServer.apps[appName]) {","","        // Build the dirPath from the module DB","        var appDef = UI.Server.currentServer.apps[appName];","        parts.splice(0,2);","        t.dirPath = Path.join(appDef.moduleDir, 'site_db', t.CONST.objectClass, parts.join('/'));","      }","      else {","","        // Normal path - under the site_db/Page directory","        t.dirPath = Path.join(t.rootPath, path);","      }","","      // Go straight to sync (no stat/watch) if the path is the app directory","      if (t.get('path') === '/app') {","        return t.sync(callback);","      }","","      // Watch the directory and synchronize objects in it.","      // This is called after the FS.stat (below)","      var watchSync = function() {","        t.dirWatcher = FS.watch(t.dirPath, {persistent:false}, function(type){","          t.sync();","        });","","        // Synchronize this object with the directory.","        t.sync(callback);","      }","","      // Make sure the directory exists","      FS.stat(t.dirPath, function(error, stat) {","","        // Create the directory if it doesn't exist","        if (error && error.code == 'ENOENT') {","          FileProbe.mkdir_r(t.dirPath, '0777', function(error) {","            if (error) {","              return callback(error);","            }","            // Created","            return watchSync();","          });","          return;","        }","","        // Other error than directory doesn't exist","        if (error) {","          return callback(error);","        }","","        // This shouldn't happen","        if (!stat.isDirectory()) {","          return callback({err: 'Not a directory: ' + t.dirPath});","        }","","        // Continue","        return watchSync();","      });","    },","","    /**","    * Release probe resources","    */","    release: function() {","      var t = this;","      if (t.dirWatcher) {","        t.dirWatcher.close();","        t.dirWatcher = null;","      }","      for (var pageId in t.fileWatchers) {","        t.fileWatchers[pageId].close();","      }","      t.fileWatchers = {};","    },","","    /**","    * Synchronize the directory with this object","    *","    * @method sync","    * @param callback {Function} Callback to call when complete","    *     @param callback.error {Mixed} Set if anything goes wrong","    */","    sync: function(callback) {","      var t = this,","          dirs = [],","          pages = [],","          thisAppName = UI.Server.currentServer.thisAppName;","      callback = callback || function(){};","","      // Synchronize the virtual /app directory","      if (t.get('path') === '/app') {","        for (var appName in UI.Server.currentServer.apps) {","          // Don't add me to the /app directory if I'm an app","          if (appName !== thisAppName) {","            var app = UI.Server.currentServer.apps[appName];","            dirs.push({","              id: appName,","              label: app.label || app.description || appName,","              path: Path.join(app.moduleDir, 'site_db', t.CONST.objectClass)","            });","          }","        }","","        // Trim directory branches that have no contents","        t.trimDirs(dirs, function(error, trimmed) {","          if (error) {","            callback(error);","          }","          t.set({","            leaves: pages,","            branches: trimmed","          });","          return callback();","        });","        return;","      }","","      // Get the directory at this level","      FS.readdir(t.dirPath, function(error, fileNames) {","","        // Process errors","        if (error) {","          console.error('TreeProbe readdir error', error);","          return callback(error);","        }","","        // Don't show the main 404 page (it's too confusing)","        if (t.CONST.objectClass === 'Page') {","          fileNames = _.reject(fileNames, function(name){","            return name === '404.json';","          });","        }","","        // Perform a stat on all files for meta-info","        t.statFiles(fileNames, function(error, fileStats) {","","          // Process errors","          if (error) {","            console.error('TreeProbe statFiles error', error);","            return callback(error);","          }","","          // Process each file, recording directories and pages","          for (var i = 0, l = fileStats.length; i < l; i++) {","            var name = fileNames[i],","                stat = fileStats[i],","                id = Path.basename(name, '.json'),","                page = {id:id};","","            if (stat.isDirectory()) {","              page.path = Path.join(t.dirPath, name);","              dirs.push(page);","            }","            else if (stat.isFile() && Path.extname(name).toLowerCase() === '.json') {","              pages.push(page);","            }","            else {","              console.error('Not a file or directory: ' + name);","            }","          }","","          // Read each page for the display label and description","          t.readPages(pages, function(error) {","","            // Process errors","            if (error) {","              console.error('PagesProbe readPages error', error);","              return callback(error);","            }","","            // Add the virtual /app directory to the root","            if (t.dirPath === t.rootPath) {","              dirs.push({","                id:'app',","                label: t.CONST.appLabel,","                description: t.CONST.appDescription,","                path: Path.dirname(t.dirPath)","              });","            }","","            // Trim directory branches that have no contents","            t.trimDirs(dirs, function(error, trimmed) {","              if (error) {","                callback(error);","              }","","              t.set({","                leaves: pages,","                branches: trimmed","              });","              return callback();","            });","          });","","        });","      });","","    },","","    /**","    * Trim directories that have no content","    *","    * This accepts an array of objects, where each object must have a 'path' element.","    * If no content is at the path, the object will be trimmed from the array.","    *","    * The path element will be removed after checking.","    *","    * @method trimDirs","    * @param dirs {Object} An object that contains a 'path' element","    * @param callback {function(error, trimmed)} Called when complete (or error)","    */","    trimDirs: function(dirs, callback) {","      var t = this,","          numLeft = dirs.length,","          fileRegexp = /.json$/,","          trimmed = [];","","      // Already trimmed","      if (numLeft === 0) {","        return callback(null, dirs);","      }","","      // Process each directory","      dirs.forEach(function(dir) {","        t.hasContents(dir.path, fileRegexp, function(error, hasContents) {","          if (error) {","            numLeft = 0;","            return callback(error);","          }","          delete dir.path;","          if (hasContents) {","            trimmed.push(dir);","          }","          if (--numLeft === 0) {","            return callback(null, trimmed);","          }","        });","      });","    },","","","    /**","    * Determine if a directory has any contents.","    *","    * This will return true if any sub-directories with contents exist, or","    * if any files with the specified RegExp exist.","    *","    * @method hasContents","    * @param dirname {Path} Full path to the directory","    * @param fileRegexp {RegExp} Regular expression to test for files","    * @param callback {function(error, hasContents}} Regular expression to test for files","    */","    hasContents: function(dirname, fileRegexp, callback) {","      var t = this;","","      // Get the directory at this level","      FS.readdir(dirname, function(error, fileNames) {","","        // Process errors","        if (error) {","          console.error('Read dir error', error);","          return callback(error);","        }","","        // Process sequentially until content is found.","        // If parallel, a deep scan would occur every time.","        var dirsToCheck = [];","        function checkNext() {","","          // Done checking all filenames","          if (fileNames.length === 0) {","","            // Check directories, and return true if any have content","            t.trimDirs(dirsToCheck, function(error, trimmed) {","              return callback(error, trimmed.length > 0);","            });","            return;","          }","","          // Stat the next entry","          var filename = fileNames[0];","          fileNames.splice(0,1);","          var pathName = Path.join(dirname, filename);","          FS.stat(pathName, function(error, stat) {","            if (error) {","              return callback(error);","            }","","            // Check for directory content or if a file should be included","            if (stat.isDirectory()) {","              dirsToCheck.push({path:pathName});","            }","            else {","              // There is content if a file exists and it matches an optional regexp","              if (!fileRegexp || fileRegexp.test(filename)) {","                return callback(null, true);","              }","            }","","            // Check the next filename","            checkNext();","          });","        }","","        // Kick off the first check","        checkNext();","      });","    },","","    /**","    * Stat all the files, returning an array of file stats matching the","    * array of input files.","    *","    * @method statFiles","    * @param fileNames {Array} An array of filenames to stat (from this directory)","    * @param callback {Function(error, stats)}","    *     @param callback.error {Mixed} Set if an error occured","    *     @param callback.stats {Array of Stat} An array of fs.stats objects","    */","    statFiles: function(fileNames, callback) {","      var t = this,","          stats = [],","          didError = false,","          numLeft = fileNames.length;","","      // No files to process","      if (fileNames.length === 0) {","        return callback(null, stats);","      }","","      // Call stat on each file","      fileNames.forEach(function(fileName, index) {","        var fullPath = Path.join(t.dirPath, fileName);","        FS.stat(fullPath, function(error, stat) {","","          // Process a stat error","          if (error) {","            didError = true;","            return callback(error);","          }","","          // Do nothing if a prior error callback happened","          if (didError) {","            return;","          }","","          // Set this stat item","          stats[index] = stat;","","          // Callback if all stats are complete","          if (--numLeft === 0) {","            callback(null, stats);","          }","        });","      });","","    },","","    /**","    * Add title (label) and description to the specified page objects.","    *","    * @method readPages","    * @param pages {Array of Object} An array of objects with the id element set","    * @param callback {Function(error)}","    */","    readPages: function(pages, callback) {","      var t = this,","          didError = false,","          numLeft = pages.length;","","      // Callback early if no pages to read","      if (pages.length === 0) {","        return callback();","      }","","      // Read and parse each file for the title/description","      pages.forEach(function(page, index) {","","        // Read the file","        var fullPath = Path.join(t.dirPath, page.id + '.json');","        FS.readFile(fullPath, 'utf8', function(error, file) {","","          // Process a stat error","          if (error) {","            didError = true;","            return callback(error);","          }","","          // Parse the JSON","          var parsed = null;","          try {","            parsed = JSON.parse(file);","          }","          catch (e) {","            didError = true;","            console.error('JSON error parsing page: ' + fullPath, e);","            return callback(e);","          }","","          // Do nothing if a prior error callback happened","          if (didError) {","            return;","          }","","          // Set the page title and description","          if (parsed.title) {","            page.label = parsed.title;","          }","          if (parsed.description) {","            page.description = parsed.description;","          }","","          // Add a file watcher if not already watching","          if (!t.fileWatchers[page.id]) {","            t.fileWatchers[page.id] = new FS.watch(fullPath, {persistent:false}, function(type){","              t.sync();","            });","          }","","          // Callback if all page reads are complete","          if (--numLeft === 0) {","            callback(null);","          }","        });","      });","    }","","  });","","}(this));",""],"l":{"5":1,"8":1,"17":1,"33":1,"43":0,"44":0,"47":0,"50":0,"53":0,"54":0,"57":0,"60":0,"63":0,"66":0,"67":0,"68":0,"73":0,"77":0,"78":0,"83":0,"84":0,"85":0,"89":0,"93":0,"96":0,"97":0,"98":0,"99":0,"102":0,"104":0,"108":0,"109":0,"113":0,"114":0,"118":0,"126":0,"127":0,"128":0,"129":0,"131":0,"132":0,"134":0,"145":0,"149":0,"152":0,"153":0,"155":0,"156":0,"157":0,"166":0,"167":0,"168":0,"170":0,"174":0,"176":0,"180":0,"183":0,"184":0,"185":0,"189":0,"190":0,"191":0,"196":0,"199":0,"200":0,"201":0,"205":0,"206":0,"211":0,"212":0,"213":0,"215":0,"216":0,"219":0,"224":0,"227":0,"228":0,"229":0,"233":0,"234":0,"243":0,"244":0,"245":0,"248":0,"252":0,"274":0,"280":0,"281":0,"285":0,"286":0,"287":0,"288":0,"289":0,"291":0,"292":0,"293":0,"295":0,"296":0,"315":0,"318":0,"321":0,"322":0,"323":0,"328":0,"329":1,"332":0,"335":0,"336":0,"338":0,"342":0,"343":0,"344":0,"345":0,"346":0,"347":0,"351":0,"352":0,"356":0,"357":0,"362":0,"367":0,"382":0,"388":0,"389":0,"393":0,"394":0,"395":0,"398":0,"399":0,"400":0,"404":0,"405":0,"409":0,"412":0,"413":0,"428":0,"433":0,"434":0,"438":0,"441":0,"442":0,"445":0,"446":0,"447":0,"451":0,"452":0,"453":0,"456":0,"457":0,"458":0,"462":0,"463":0,"467":0,"468":0,"470":0,"471":0,"475":0,"476":0,"477":0,"482":0,"483":0}},"/home/travis/build/npmtest/node-npmtest-monitor-dashboard/node_modules/monitor-dashboard/lib/js/ToursProbe.js":{"path":"/home/travis/build/npmtest/node-npmtest-monitor-dashboard/node_modules/monitor-dashboard/lib/js/ToursProbe.js","s":{"1":1,"2":1,"3":1,"4":1,"5":0,"6":0,"7":0},"b":{"1":[1,1]},"f":{"1":1,"2":0},"fnMap":{"1":{"name":"(anonymous_1)","line":5,"loc":{"start":{"line":5,"column":1},"end":{"line":5,"column":15}}},"2":{"name":"(anonymous_2)","line":36,"loc":{"start":{"line":36,"column":16},"end":{"line":36,"column":45}}}},"statementMap":{"1":{"start":{"line":5,"column":0},"end":{"line":48,"column":9}},"2":{"start":{"line":8,"column":2},"end":{"line":9,"column":38}},"3":{"start":{"line":12,"column":2},"end":{"line":16,"column":4}},"4":{"start":{"line":27,"column":2},"end":{"line":46,"column":5}},"5":{"start":{"line":37,"column":6},"end":{"line":37,"column":19}},"6":{"start":{"line":40,"column":6},"end":{"line":40,"column":22}},"7":{"start":{"line":43,"column":6},"end":{"line":43,"column":58}}},"branchMap":{"1":{"line":8,"type":"binary-expr","locations":[{"start":{"line":8,"column":16},"end":{"line":8,"column":28}},{"start":{"line":8,"column":32},"end":{"line":8,"column":50}}]}},"code":["// ToursProbe.js (c) 2010-2014 Loren West and other contributors","// May be freely distributed under the MIT license.","// For further details and documentation:","// http://github.com/lorenwest/monitor-dashboard","(function(root){","","  // Module loading - this runs server-side only","  var Monitor = root.Monitor || require('monitor'),","      PagesProbe = Monitor.PagesProbe;","","  // Define some constants","  var CONST = {","    objectClass: 'Tour',","    appLabel: 'App Tours',","    appDescription: 'Application Tours'","  };","","  /**","  * This probe represents the list of tours available on the site","  *","  * @class ToursProbe","  * @extends TreeProbe","  * @constructor","  * @param [initParams] - Probe initialization parameters","  *     @param [initParams.path=''] {String} Path to this node","  */","  var ToursProbe = Monitor.ToursProbe = PagesProbe.extend({","","    probeClass: 'ToursProbe',","","    /**","    * Constructor initialization.","    *","    * @method initialize","    */","    initialize: function(attributes, options){","      var t = this;","","      // Override instance level constants","      t.CONST = CONST;","","      // This is the same as a PagesProbe except for the constants (above)","      PagesProbe.prototype.initialize.apply(t, arguments);","    }","","  });","","}(this));",""],"l":{"5":1,"8":1,"12":1,"27":1,"37":0,"40":0,"43":0}},"/home/travis/build/npmtest/node-npmtest-monitor-dashboard/node_modules/monitor-dashboard/config/default.js":{"path":"/home/travis/build/npmtest/node-npmtest-monitor-dashboard/node_modules/monitor-dashboard/config/default.js","s":{"1":1},"b":{},"f":{},"fnMap":{},"statementMap":{"1":{"start":{"line":2,"column":0},"end":{"line":30,"column":1}}},"branchMap":{},"code":["// Default configurations","module.exports = {","","  // Overrides from the monitor package","  Monitor: {","    appName: 'MonitorDashboard',","    consoleLogListener: {","      pattern: \"{trace,warn,error,fatal}.*\"","    }","","  },","","  // Dashboard application configurations","  Dashboard: {","","    // The port to listen on for application traffic","    port:4200,","","    // Only allow connections from this machine by default.  This reduces","    // accidental security breaches by requiring you to consider your network","    // security policies before allowing external connections.","    // See the external.js file in this directory for more information.","    allowExternalConnections: false,","","    // Path to the site database.  Paths that start with '.' are relative","    // to process.cwd(), which is usually the application root directory.","    siteDbPath: './site_db'","  }","","}",""],"l":{"2":1}}}